[0.057s] DEBUG:colcon:Command line arguments: ['/usr/bin/colcon', 'build']
[0.057s] DEBUG:colcon:Parsed command line arguments: Namespace(log_base=None, log_level=None, verb_name='build', build_base='build', install_base='install', merge_install=False, symlink_install=False, test_result_base=None, continue_on_error=False, executor='parallel', parallel_workers=16, event_handlers=None, ignore_user_meta=False, metas=['./colcon.meta'], base_paths=['.'], packages_ignore=None, packages_ignore_regex=None, paths=None, packages_up_to=None, packages_up_to_regex=None, packages_above=None, packages_above_and_dependencies=None, packages_above_depth=None, packages_select_by_dep=None, packages_skip_by_dep=None, packages_skip_up_to=None, packages_select_build_failed=False, packages_skip_build_finished=False, packages_select_test_failures=False, packages_skip_test_passed=False, packages_select=None, packages_skip=None, packages_select_regex=None, packages_skip_regex=None, packages_start=None, packages_end=None, allow_overriding=[], cmake_args=None, cmake_target=None, cmake_target_skip_unavailable=False, cmake_clean_cache=False, cmake_clean_first=False, cmake_force_configure=False, ament_cmake_args=None, catkin_cmake_args=None, catkin_skip_building_tests=False, verb_parser=<colcon_defaults.argument_parser.defaults.DefaultArgumentsDecorator object at 0x7723bf90bb20>, verb_extension=<colcon_core.verb.build.BuildVerb object at 0x7723bfa4c700>, main=<bound method BuildVerb.main of <colcon_core.verb.build.BuildVerb object at 0x7723bfa4c700>>)
[0.142s] Level 1:colcon.colcon_core.package_discovery:discover_packages(colcon_meta) check parameters
[0.142s] Level 1:colcon.colcon_core.package_discovery:discover_packages(recursive) check parameters
[0.142s] Level 1:colcon.colcon_core.package_discovery:discover_packages(ignore) check parameters
[0.142s] Level 1:colcon.colcon_core.package_discovery:discover_packages(path) check parameters
[0.142s] Level 1:colcon.colcon_core.package_discovery:discover_packages(colcon_meta) discover
[0.142s] Level 1:colcon.colcon_core.package_discovery:discover_packages(recursive) discover
[0.142s] INFO:colcon.colcon_core.package_discovery:Crawling recursively for packages in '/media/qing/NEW/RM/hotpot_exam2/1ros_and_tf2/1.4tf2/urdf_base_tf2'
[0.142s] Level 1:colcon.colcon_core.package_identification:_identify(.) by extensions ['ignore', 'ignore_ament_install']
[0.142s] Level 1:colcon.colcon_core.package_identification:_identify(.) by extension 'ignore'
[0.142s] Level 1:colcon.colcon_core.package_identification:_identify(.) by extension 'ignore_ament_install'
[0.142s] Level 1:colcon.colcon_core.package_identification:_identify(.) by extensions ['colcon_pkg']
[0.142s] Level 1:colcon.colcon_core.package_identification:_identify(.) by extension 'colcon_pkg'
[0.142s] Level 1:colcon.colcon_core.package_identification:_identify(.) by extensions ['colcon_meta']
[0.142s] Level 1:colcon.colcon_core.package_identification:_identify(.) by extension 'colcon_meta'
[0.142s] Level 1:colcon.colcon_core.package_identification:_identify(.) by extensions ['ros']
[0.142s] Level 1:colcon.colcon_core.package_identification:_identify(.) by extension 'ros'
[0.151s] DEBUG:colcon.colcon_core.package_identification:Package '.' with type 'ros.ament_cmake' and name 'urdf_base_tf2'
[0.151s] Level 1:colcon.colcon_core.package_discovery:discover_packages(recursive) using defaults
[0.151s] Level 1:colcon.colcon_core.package_discovery:discover_packages(ignore) discover
[0.151s] Level 1:colcon.colcon_core.package_discovery:discover_packages(ignore) using defaults
[0.151s] Level 1:colcon.colcon_core.package_discovery:discover_packages(path) discover
[0.151s] Level 1:colcon.colcon_core.package_discovery:discover_packages(path) using defaults
[0.162s] Level 1:colcon.colcon_core.package_discovery:discover_packages(prefix_path) check parameters
[0.162s] Level 1:colcon.colcon_core.package_discovery:discover_packages(prefix_path) discover
[0.162s] WARNING:colcon.colcon_ros.prefix_path.ament:The path '/media/qing/NEW/RM/hotpot_exam2/1ros_and_tf2/1.4tf2/urdf_base_tf2/install/urdf_base_tf2' in the environment variable AMENT_PREFIX_PATH doesn't exist
[0.163s] WARNING:colcon.colcon_ros.prefix_path.catkin:The path '/media/qing/NEW/RM/hotpot_exam2/1ros_and_tf2/1.4tf2/urdf_base_tf2/install/urdf_base_tf2' in the environment variable CMAKE_PREFIX_PATH doesn't exist
[0.163s] DEBUG:colcon.colcon_installed_package_information.package_discovery:Found 0 installed packages in /media/qing/NEW/RM/hotpot_exam2/1ros_and_tf2/1.4tf2/urdf_base_tf2/install
[0.164s] DEBUG:colcon.colcon_installed_package_information.package_discovery:Found 290 installed packages in /opt/ros/humble
[0.165s] Level 1:colcon.colcon_core.package_discovery:discover_packages(prefix_path) using defaults
[0.191s] Level 5:colcon.colcon_core.verb:set package 'urdf_base_tf2' build argument 'cmake_args' from command line to 'None'
[0.191s] Level 5:colcon.colcon_core.verb:set package 'urdf_base_tf2' build argument 'cmake_target' from command line to 'None'
[0.191s] Level 5:colcon.colcon_core.verb:set package 'urdf_base_tf2' build argument 'cmake_target_skip_unavailable' from command line to 'False'
[0.191s] Level 5:colcon.colcon_core.verb:set package 'urdf_base_tf2' build argument 'cmake_clean_cache' from command line to 'False'
[0.191s] Level 5:colcon.colcon_core.verb:set package 'urdf_base_tf2' build argument 'cmake_clean_first' from command line to 'False'
[0.191s] Level 5:colcon.colcon_core.verb:set package 'urdf_base_tf2' build argument 'cmake_force_configure' from command line to 'False'
[0.191s] Level 5:colcon.colcon_core.verb:set package 'urdf_base_tf2' build argument 'ament_cmake_args' from command line to 'None'
[0.191s] Level 5:colcon.colcon_core.verb:set package 'urdf_base_tf2' build argument 'catkin_cmake_args' from command line to 'None'
[0.191s] Level 5:colcon.colcon_core.verb:set package 'urdf_base_tf2' build argument 'catkin_skip_building_tests' from command line to 'False'
[0.191s] DEBUG:colcon.colcon_core.verb:Building package 'urdf_base_tf2' with the following arguments: {'ament_cmake_args': None, 'build_base': '/media/qing/NEW/RM/hotpot_exam2/1ros_and_tf2/1.4tf2/urdf_base_tf2/build/urdf_base_tf2', 'catkin_cmake_args': None, 'catkin_skip_building_tests': False, 'cmake_args': None, 'cmake_clean_cache': False, 'cmake_clean_first': False, 'cmake_force_configure': False, 'cmake_target': None, 'cmake_target_skip_unavailable': False, 'install_base': '/media/qing/NEW/RM/hotpot_exam2/1ros_and_tf2/1.4tf2/urdf_base_tf2/install/urdf_base_tf2', 'merge_install': False, 'path': '/media/qing/NEW/RM/hotpot_exam2/1ros_and_tf2/1.4tf2/urdf_base_tf2', 'symlink_install': False, 'test_result_base': None}
[0.191s] INFO:colcon.colcon_core.executor:Executing jobs using 'parallel' executor
[0.192s] DEBUG:colcon.colcon_parallel_executor.executor.parallel:run_until_complete
[0.192s] INFO:colcon.colcon_ros.task.ament_cmake.build:Building ROS package in '/media/qing/NEW/RM/hotpot_exam2/1ros_and_tf2/1.4tf2/urdf_base_tf2' with build type 'ament_cmake'
[0.192s] INFO:colcon.colcon_cmake.task.cmake.build:Building CMake package in '/media/qing/NEW/RM/hotpot_exam2/1ros_and_tf2/1.4tf2/urdf_base_tf2'
[0.193s] INFO:colcon.colcon_core.plugin_system:Skipping extension 'colcon_core.shell.bat': Not used on non-Windows systems
[0.194s] INFO:colcon.colcon_core.shell:Skip shell extension 'powershell' for command environment: Not usable outside of PowerShell
[0.194s] DEBUG:colcon.colcon_core.shell:Skip shell extension 'dsv' for command environment
[0.198s] DEBUG:colcon.colcon_core.event_handler.log_command:Invoking command in '/media/qing/NEW/RM/hotpot_exam2/1ros_and_tf2/1.4tf2/urdf_base_tf2/build/urdf_base_tf2': CMAKE_PREFIX_PATH=${CMAKE_PREFIX_PATH}:/opt/ros/humble /usr/bin/cmake /media/qing/NEW/RM/hotpot_exam2/1ros_and_tf2/1.4tf2/urdf_base_tf2 -DCMAKE_INSTALL_PREFIX=/media/qing/NEW/RM/hotpot_exam2/1ros_and_tf2/1.4tf2/urdf_base_tf2/install/urdf_base_tf2
[1.263s] DEBUG:colcon.colcon_core.event_handler.log_command:Invoked command in '/media/qing/NEW/RM/hotpot_exam2/1ros_and_tf2/1.4tf2/urdf_base_tf2/build/urdf_base_tf2' returned '0': CMAKE_PREFIX_PATH=${CMAKE_PREFIX_PATH}:/opt/ros/humble /usr/bin/cmake /media/qing/NEW/RM/hotpot_exam2/1ros_and_tf2/1.4tf2/urdf_base_tf2 -DCMAKE_INSTALL_PREFIX=/media/qing/NEW/RM/hotpot_exam2/1ros_and_tf2/1.4tf2/urdf_base_tf2/install/urdf_base_tf2
[1.263s] DEBUG:colcon.colcon_core.event_handler.log_command:Invoking command in '/media/qing/NEW/RM/hotpot_exam2/1ros_and_tf2/1.4tf2/urdf_base_tf2/build/urdf_base_tf2': CMAKE_PREFIX_PATH=${CMAKE_PREFIX_PATH}:/opt/ros/humble /usr/bin/cmake --build /media/qing/NEW/RM/hotpot_exam2/1ros_and_tf2/1.4tf2/urdf_base_tf2/build/urdf_base_tf2 -- -j16 -l16
[6.722s] DEBUG:colcon.colcon_core.event_handler.log_command:Invoked command in '/media/qing/NEW/RM/hotpot_exam2/1ros_and_tf2/1.4tf2/urdf_base_tf2/build/urdf_base_tf2' returned '0': CMAKE_PREFIX_PATH=${CMAKE_PREFIX_PATH}:/opt/ros/humble /usr/bin/cmake --build /media/qing/NEW/RM/hotpot_exam2/1ros_and_tf2/1.4tf2/urdf_base_tf2/build/urdf_base_tf2 -- -j16 -l16
[6.740s] DEBUG:colcon.colcon_core.event_handler.log_command:Invoking command in '/media/qing/NEW/RM/hotpot_exam2/1ros_and_tf2/1.4tf2/urdf_base_tf2/build/urdf_base_tf2': CMAKE_PREFIX_PATH=${CMAKE_PREFIX_PATH}:/opt/ros/humble /usr/bin/cmake --install /media/qing/NEW/RM/hotpot_exam2/1ros_and_tf2/1.4tf2/urdf_base_tf2/build/urdf_base_tf2
[6.748s] Level 1:colcon.colcon_core.environment:create_environment_scripts_only(urdf_base_tf2)
[6.748s] DEBUG:colcon.colcon_core.event_handler.log_command:Invoked command in '/media/qing/NEW/RM/hotpot_exam2/1ros_and_tf2/1.4tf2/urdf_base_tf2/build/urdf_base_tf2' returned '0': CMAKE_PREFIX_PATH=${CMAKE_PREFIX_PATH}:/opt/ros/humble /usr/bin/cmake --install /media/qing/NEW/RM/hotpot_exam2/1ros_and_tf2/1.4tf2/urdf_base_tf2/build/urdf_base_tf2
[6.750s] Level 1:colcon.colcon_core.environment:checking '/media/qing/NEW/RM/hotpot_exam2/1ros_and_tf2/1.4tf2/urdf_base_tf2/install/urdf_base_tf2' for CMake module files
[6.750s] Level 1:colcon.colcon_core.environment:checking '/media/qing/NEW/RM/hotpot_exam2/1ros_and_tf2/1.4tf2/urdf_base_tf2/install/urdf_base_tf2' for CMake config files
[6.750s] Level 1:colcon.colcon_core.shell:create_environment_hook('urdf_base_tf2', 'cmake_prefix_path')
[6.751s] INFO:colcon.colcon_core.shell:Creating environment hook '/media/qing/NEW/RM/hotpot_exam2/1ros_and_tf2/1.4tf2/urdf_base_tf2/install/urdf_base_tf2/share/urdf_base_tf2/hook/cmake_prefix_path.ps1'
[6.751s] INFO:colcon.colcon_core.shell:Creating environment descriptor '/media/qing/NEW/RM/hotpot_exam2/1ros_and_tf2/1.4tf2/urdf_base_tf2/install/urdf_base_tf2/share/urdf_base_tf2/hook/cmake_prefix_path.dsv'
[6.751s] INFO:colcon.colcon_core.shell:Creating environment hook '/media/qing/NEW/RM/hotpot_exam2/1ros_and_tf2/1.4tf2/urdf_base_tf2/install/urdf_base_tf2/share/urdf_base_tf2/hook/cmake_prefix_path.sh'
[6.752s] Level 1:colcon.colcon_core.environment:checking '/media/qing/NEW/RM/hotpot_exam2/1ros_and_tf2/1.4tf2/urdf_base_tf2/install/urdf_base_tf2/lib'
[6.752s] Level 1:colcon.colcon_core.environment:checking '/media/qing/NEW/RM/hotpot_exam2/1ros_and_tf2/1.4tf2/urdf_base_tf2/install/urdf_base_tf2/bin'
[6.752s] Level 1:colcon.colcon_core.environment:checking '/media/qing/NEW/RM/hotpot_exam2/1ros_and_tf2/1.4tf2/urdf_base_tf2/install/urdf_base_tf2/lib/pkgconfig/urdf_base_tf2.pc'
[6.752s] Level 1:colcon.colcon_core.environment:checking '/media/qing/NEW/RM/hotpot_exam2/1ros_and_tf2/1.4tf2/urdf_base_tf2/install/urdf_base_tf2/lib/python3.10/site-packages'
[6.752s] Level 1:colcon.colcon_core.environment:checking '/media/qing/NEW/RM/hotpot_exam2/1ros_and_tf2/1.4tf2/urdf_base_tf2/install/urdf_base_tf2/bin'
[6.752s] INFO:colcon.colcon_core.shell:Creating package script '/media/qing/NEW/RM/hotpot_exam2/1ros_and_tf2/1.4tf2/urdf_base_tf2/install/urdf_base_tf2/share/urdf_base_tf2/package.ps1'
[6.752s] INFO:colcon.colcon_core.shell:Creating package descriptor '/media/qing/NEW/RM/hotpot_exam2/1ros_and_tf2/1.4tf2/urdf_base_tf2/install/urdf_base_tf2/share/urdf_base_tf2/package.dsv'
[6.753s] INFO:colcon.colcon_core.shell:Creating package script '/media/qing/NEW/RM/hotpot_exam2/1ros_and_tf2/1.4tf2/urdf_base_tf2/install/urdf_base_tf2/share/urdf_base_tf2/package.sh'
[6.753s] INFO:colcon.colcon_core.shell:Creating package script '/media/qing/NEW/RM/hotpot_exam2/1ros_and_tf2/1.4tf2/urdf_base_tf2/install/urdf_base_tf2/share/urdf_base_tf2/package.bash'
[6.753s] INFO:colcon.colcon_core.shell:Creating package script '/media/qing/NEW/RM/hotpot_exam2/1ros_and_tf2/1.4tf2/urdf_base_tf2/install/urdf_base_tf2/share/urdf_base_tf2/package.zsh'
[6.753s] Level 1:colcon.colcon_core.environment:create_file_with_runtime_dependencies(/media/qing/NEW/RM/hotpot_exam2/1ros_and_tf2/1.4tf2/urdf_base_tf2/install/urdf_base_tf2/share/colcon-core/packages/urdf_base_tf2)
[6.770s] Level 1:colcon.colcon_core.environment:create_environment_scripts_only(urdf_base_tf2)
[6.770s] Level 1:colcon.colcon_core.environment:checking '/media/qing/NEW/RM/hotpot_exam2/1ros_and_tf2/1.4tf2/urdf_base_tf2/install/urdf_base_tf2' for CMake module files
[6.770s] Level 1:colcon.colcon_core.environment:checking '/media/qing/NEW/RM/hotpot_exam2/1ros_and_tf2/1.4tf2/urdf_base_tf2/install/urdf_base_tf2' for CMake config files
[6.771s] Level 1:colcon.colcon_core.shell:create_environment_hook('urdf_base_tf2', 'cmake_prefix_path')
[6.771s] INFO:colcon.colcon_core.shell:Creating environment hook '/media/qing/NEW/RM/hotpot_exam2/1ros_and_tf2/1.4tf2/urdf_base_tf2/install/urdf_base_tf2/share/urdf_base_tf2/hook/cmake_prefix_path.ps1'
[6.771s] INFO:colcon.colcon_core.shell:Creating environment descriptor '/media/qing/NEW/RM/hotpot_exam2/1ros_and_tf2/1.4tf2/urdf_base_tf2/install/urdf_base_tf2/share/urdf_base_tf2/hook/cmake_prefix_path.dsv'
[6.771s] INFO:colcon.colcon_core.shell:Creating environment hook '/media/qing/NEW/RM/hotpot_exam2/1ros_and_tf2/1.4tf2/urdf_base_tf2/install/urdf_base_tf2/share/urdf_base_tf2/hook/cmake_prefix_path.sh'
[6.772s] Level 1:colcon.colcon_core.environment:checking '/media/qing/NEW/RM/hotpot_exam2/1ros_and_tf2/1.4tf2/urdf_base_tf2/install/urdf_base_tf2/lib'
[6.772s] Level 1:colcon.colcon_core.environment:checking '/media/qing/NEW/RM/hotpot_exam2/1ros_and_tf2/1.4tf2/urdf_base_tf2/install/urdf_base_tf2/bin'
[6.772s] Level 1:colcon.colcon_core.environment:checking '/media/qing/NEW/RM/hotpot_exam2/1ros_and_tf2/1.4tf2/urdf_base_tf2/install/urdf_base_tf2/lib/pkgconfig/urdf_base_tf2.pc'
[6.772s] Level 1:colcon.colcon_core.environment:checking '/media/qing/NEW/RM/hotpot_exam2/1ros_and_tf2/1.4tf2/urdf_base_tf2/install/urdf_base_tf2/lib/python3.10/site-packages'
[6.772s] Level 1:colcon.colcon_core.environment:checking '/media/qing/NEW/RM/hotpot_exam2/1ros_and_tf2/1.4tf2/urdf_base_tf2/install/urdf_base_tf2/bin'
[6.772s] INFO:colcon.colcon_core.shell:Creating package script '/media/qing/NEW/RM/hotpot_exam2/1ros_and_tf2/1.4tf2/urdf_base_tf2/install/urdf_base_tf2/share/urdf_base_tf2/package.ps1'
[6.773s] INFO:colcon.colcon_core.shell:Creating package descriptor '/media/qing/NEW/RM/hotpot_exam2/1ros_and_tf2/1.4tf2/urdf_base_tf2/install/urdf_base_tf2/share/urdf_base_tf2/package.dsv'
[6.773s] INFO:colcon.colcon_core.shell:Creating package script '/media/qing/NEW/RM/hotpot_exam2/1ros_and_tf2/1.4tf2/urdf_base_tf2/install/urdf_base_tf2/share/urdf_base_tf2/package.sh'
[6.774s] INFO:colcon.colcon_core.shell:Creating package script '/media/qing/NEW/RM/hotpot_exam2/1ros_and_tf2/1.4tf2/urdf_base_tf2/install/urdf_base_tf2/share/urdf_base_tf2/package.bash'
[6.774s] INFO:colcon.colcon_core.shell:Creating package script '/media/qing/NEW/RM/hotpot_exam2/1ros_and_tf2/1.4tf2/urdf_base_tf2/install/urdf_base_tf2/share/urdf_base_tf2/package.zsh'
[6.774s] Level 1:colcon.colcon_core.environment:create_file_with_runtime_dependencies(/media/qing/NEW/RM/hotpot_exam2/1ros_and_tf2/1.4tf2/urdf_base_tf2/install/urdf_base_tf2/share/colcon-core/packages/urdf_base_tf2)
[6.774s] DEBUG:colcon.colcon_parallel_executor.executor.parallel:closing loop
[6.774s] DEBUG:colcon.colcon_parallel_executor.executor.parallel:loop closed
[6.774s] DEBUG:colcon.colcon_parallel_executor.executor.parallel:run_until_complete finished with '0'
[6.774s] DEBUG:colcon.colcon_core.event_reactor:joining thread
[6.781s] INFO:colcon.colcon_core.plugin_system:Skipping extension 'colcon_notification.desktop_notification.terminal_notifier': Not used on non-Darwin systems
[6.781s] INFO:colcon.colcon_core.plugin_system:Skipping extension 'colcon_notification.desktop_notification.win32': Not used on non-Windows systems
[6.781s] INFO:colcon.colcon_notification.desktop_notification:Sending desktop notification using 'notify2'
[6.793s] DEBUG:colcon.colcon_core.event_reactor:joined thread
[6.793s] INFO:colcon.colcon_core.shell:Creating prefix script '/media/qing/NEW/RM/hotpot_exam2/1ros_and_tf2/1.4tf2/urdf_base_tf2/install/local_setup.ps1'
[6.793s] INFO:colcon.colcon_core.shell:Creating prefix util module '/media/qing/NEW/RM/hotpot_exam2/1ros_and_tf2/1.4tf2/urdf_base_tf2/install/_local_setup_util_ps1.py'
[6.794s] INFO:colcon.colcon_core.shell:Creating prefix chain script '/media/qing/NEW/RM/hotpot_exam2/1ros_and_tf2/1.4tf2/urdf_base_tf2/install/setup.ps1'
[6.795s] INFO:colcon.colcon_core.shell:Creating prefix script '/media/qing/NEW/RM/hotpot_exam2/1ros_and_tf2/1.4tf2/urdf_base_tf2/install/local_setup.sh'
[6.795s] INFO:colcon.colcon_core.shell:Creating prefix util module '/media/qing/NEW/RM/hotpot_exam2/1ros_and_tf2/1.4tf2/urdf_base_tf2/install/_local_setup_util_sh.py'
[6.795s] INFO:colcon.colcon_core.shell:Creating prefix chain script '/media/qing/NEW/RM/hotpot_exam2/1ros_and_tf2/1.4tf2/urdf_base_tf2/install/setup.sh'
[6.796s] INFO:colcon.colcon_core.shell:Creating prefix script '/media/qing/NEW/RM/hotpot_exam2/1ros_and_tf2/1.4tf2/urdf_base_tf2/install/local_setup.bash'
[6.796s] INFO:colcon.colcon_core.shell:Creating prefix chain script '/media/qing/NEW/RM/hotpot_exam2/1ros_and_tf2/1.4tf2/urdf_base_tf2/install/setup.bash'
[6.797s] INFO:colcon.colcon_core.shell:Creating prefix script '/media/qing/NEW/RM/hotpot_exam2/1ros_and_tf2/1.4tf2/urdf_base_tf2/install/local_setup.zsh'
[6.797s] INFO:colcon.colcon_core.shell:Creating prefix chain script '/media/qing/NEW/RM/hotpot_exam2/1ros_and_tf2/1.4tf2/urdf_base_tf2/install/setup.zsh'
