-- The C compiler identification is GNU 11.4.0
-- The CXX compiler identification is GNU 11.4.0
-- Detecting C compiler ABI info
-- Detecting C compiler ABI info - done
-- Check for working C compiler: /usr/bin/cc - skipped
-- Detecting C compile features
-- Detecting C compile features - done
-- Detecting CXX compiler ABI info
-- Detecting CXX compiler ABI info - done
-- Check for working CXX compiler: /usr/bin/c++ - skipped
-- Detecting CXX compile features
-- Detecting CXX compile features - done
-- Found ament_cmake: 1.3.8 (/opt/ros/humble/share/ament_cmake/cmake)
-- Found Python3: /usr/bin/python3 (found version "3.10.12") found components: Interpreter 
-- Found rclcpp: 16.0.8 (/opt/ros/humble/share/rclcpp/cmake)
-- Found rosidl_generator_c: 3.1.5 (/opt/ros/humble/share/rosidl_generator_c/cmake)
-- Found rosidl_adapter: 3.1.5 (/opt/ros/humble/share/rosidl_adapter/cmake)
-- Found rosidl_generator_cpp: 3.1.5 (/opt/ros/humble/share/rosidl_generator_cpp/cmake)
-- Using all available rosidl_typesupport_c: rosidl_typesupport_fastrtps_c;rosidl_typesupport_introspection_c
-- Using all available rosidl_typesupport_cpp: rosidl_typesupport_fastrtps_cpp;rosidl_typesupport_introspection_cpp
-- Found rmw_implementation_cmake: 6.1.1 (/opt/ros/humble/share/rmw_implementation_cmake/cmake)
-- Found rmw_fastrtps_cpp: 6.2.6 (/opt/ros/humble/share/rmw_fastrtps_cpp/cmake)
-- Found OpenSSL: /usr/lib/x86_64-linux-gnu/libcrypto.so (found version "3.0.2")  
-- Found FastRTPS: /opt/ros/humble/include  
-- Using RMW implementation 'rmw_fastrtps_cpp' as default
-- Looking for pthread.h
-- Looking for pthread.h - found
-- Performing Test CMAKE_HAVE_LIBC_PTHREAD
-- Performing Test CMAKE_HAVE_LIBC_PTHREAD - Success
-- Found Threads: TRUE  
-- Found geometry_msgs: 4.2.3 (/opt/ros/humble/share/geometry_msgs/cmake)
-- Found tf2_ros: 0.25.6 (/opt/ros/humble/share/tf2_ros/cmake)
-- Found tf2_geometry_msgs: 0.25.6 (/opt/ros/humble/share/tf2_geometry_msgs/cmake)
-- Found eigen3_cmake_module: 0.1.1 (/opt/ros/humble/share/eigen3_cmake_module/cmake)
-- Found Eigen3: TRUE (found version "3.4.0") 
-- Ensuring Eigen3 include directory is part of orocos-kdl CMake target
-- Found visualization_msgs: 4.2.3 (/opt/ros/humble/share/visualization_msgs/cmake)
-- Found ament_lint_auto: 0.12.10 (/opt/ros/humble/share/ament_lint_auto/cmake)
-- Added test 'cppcheck' to perform static code analysis on C / C++ code
-- Configured cppcheck include dirs: 
-- Configured cppcheck exclude dirs and/or files: 
-- Added test 'lint_cmake' to check CMake code style
-- Added test 'uncrustify' to check C / C++ code style
-- Configured uncrustify additional arguments: 
-- Added test 'xmllint' to check XML markup files
-- Configuring done
-- Generating done
-- Build files have been written to: /media/qing/NEW/RM/hotpot_exam2/1ros_and_tf2/1.5rviz2/marker/build/marker
[ 50%] [32mBuilding CXX object CMakeFiles/marker_node.dir/src/marker.cpp.o[0m
[100%] [32m[1mLinking CXX executable marker_node[0m
[100%] Built target marker_node
-- Install configuration: ""
-- Installing: /media/qing/NEW/RM/hotpot_exam2/1ros_and_tf2/1.5rviz2/marker/install/marker/lib/marker/marker_node
-- Set runtime path of "/media/qing/NEW/RM/hotpot_exam2/1ros_and_tf2/1.5rviz2/marker/install/marker/lib/marker/marker_node" to ""
-- Installing: /media/qing/NEW/RM/hotpot_exam2/1ros_and_tf2/1.5rviz2/marker/install/marker/share/ament_index/resource_index/package_run_dependencies/marker
-- Installing: /media/qing/NEW/RM/hotpot_exam2/1ros_and_tf2/1.5rviz2/marker/install/marker/share/ament_index/resource_index/parent_prefix_path/marker
-- Installing: /media/qing/NEW/RM/hotpot_exam2/1ros_and_tf2/1.5rviz2/marker/install/marker/share/marker/environment/ament_prefix_path.sh
-- Installing: /media/qing/NEW/RM/hotpot_exam2/1ros_and_tf2/1.5rviz2/marker/install/marker/share/marker/environment/ament_prefix_path.dsv
-- Installing: /media/qing/NEW/RM/hotpot_exam2/1ros_and_tf2/1.5rviz2/marker/install/marker/share/marker/environment/path.sh
-- Installing: /media/qing/NEW/RM/hotpot_exam2/1ros_and_tf2/1.5rviz2/marker/install/marker/share/marker/environment/path.dsv
-- Installing: /media/qing/NEW/RM/hotpot_exam2/1ros_and_tf2/1.5rviz2/marker/install/marker/share/marker/local_setup.bash
-- Installing: /media/qing/NEW/RM/hotpot_exam2/1ros_and_tf2/1.5rviz2/marker/install/marker/share/marker/local_setup.sh
-- Installing: /media/qing/NEW/RM/hotpot_exam2/1ros_and_tf2/1.5rviz2/marker/install/marker/share/marker/local_setup.zsh
-- Installing: /media/qing/NEW/RM/hotpot_exam2/1ros_and_tf2/1.5rviz2/marker/install/marker/share/marker/local_setup.dsv
-- Installing: /media/qing/NEW/RM/hotpot_exam2/1ros_and_tf2/1.5rviz2/marker/install/marker/share/marker/package.dsv
-- Installing: /media/qing/NEW/RM/hotpot_exam2/1ros_and_tf2/1.5rviz2/marker/install/marker/share/ament_index/resource_index/packages/marker
-- Installing: /media/qing/NEW/RM/hotpot_exam2/1ros_and_tf2/1.5rviz2/marker/install/marker/share/marker/cmake/markerConfig.cmake
-- Installing: /media/qing/NEW/RM/hotpot_exam2/1ros_and_tf2/1.5rviz2/marker/install/marker/share/marker/cmake/markerConfig-version.cmake
-- Installing: /media/qing/NEW/RM/hotpot_exam2/1ros_and_tf2/1.5rviz2/marker/install/marker/share/marker/package.xml
