[0.006s] Invoking command in '/media/qing/NEW/RM/hotpot_exam2/1ros_and_tf2/1.5rviz2/marker/build/marker': CMAKE_PREFIX_PATH=${CMAKE_PREFIX_PATH}:/opt/ros/humble /usr/bin/cmake /media/qing/NEW/RM/hotpot_exam2/1ros_and_tf2/1.5rviz2/marker -DCMAKE_INSTALL_PREFIX=/media/qing/NEW/RM/hotpot_exam2/1ros_and_tf2/1.5rviz2/marker/install/marker
[0.035s] -- The C compiler identification is GNU 11.4.0
[0.071s] -- The CXX compiler identification is GNU 11.4.0
[0.076s] -- Detecting C compiler ABI info
[0.114s] -- Detecting C compiler ABI info - done
[0.118s] -- Check for working C compiler: /usr/bin/cc - skipped
[0.118s] -- Detecting C compile features
[0.118s] -- Detecting C compile features - done
[0.120s] -- Detecting CXX compiler ABI info
[0.166s] -- Detecting CXX compiler ABI info - done
[0.171s] -- Check for working CXX compiler: /usr/bin/c++ - skipped
[0.171s] -- Detecting CXX compile features
[0.171s] -- Detecting CXX compile features - done
[0.173s] -- Found ament_cmake: 1.3.8 (/opt/ros/humble/share/ament_cmake/cmake)
[0.261s] -- Found Python3: /usr/bin/python3 (found version "3.10.12") found components: Interpreter 
[0.310s] -- Found rclcpp: 16.0.8 (/opt/ros/humble/share/rclcpp/cmake)
[0.333s] -- Found rosidl_generator_c: 3.1.5 (/opt/ros/humble/share/rosidl_generator_c/cmake)
[0.335s] -- Found rosidl_adapter: 3.1.5 (/opt/ros/humble/share/rosidl_adapter/cmake)
[0.340s] -- Found rosidl_generator_cpp: 3.1.5 (/opt/ros/humble/share/rosidl_generator_cpp/cmake)
[0.348s] -- Using all available rosidl_typesupport_c: rosidl_typesupport_fastrtps_c;rosidl_typesupport_introspection_c
[0.358s] -- Using all available rosidl_typesupport_cpp: rosidl_typesupport_fastrtps_cpp;rosidl_typesupport_introspection_cpp
[0.398s] -- Found rmw_implementation_cmake: 6.1.1 (/opt/ros/humble/share/rmw_implementation_cmake/cmake)
[0.399s] -- Found rmw_fastrtps_cpp: 6.2.6 (/opt/ros/humble/share/rmw_fastrtps_cpp/cmake)
[0.455s] -- Found OpenSSL: /usr/lib/x86_64-linux-gnu/libcrypto.so (found version "3.0.2")  
[0.472s] -- Found FastRTPS: /opt/ros/humble/include  
[0.500s] -- Using RMW implementation 'rmw_fastrtps_cpp' as default
[0.505s] -- Looking for pthread.h
[0.546s] -- Looking for pthread.h - found
[0.546s] -- Performing Test CMAKE_HAVE_LIBC_PTHREAD
[0.590s] -- Performing Test CMAKE_HAVE_LIBC_PTHREAD - Success
[0.591s] -- Found Threads: TRUE  
[0.689s] -- Found geometry_msgs: 4.2.3 (/opt/ros/humble/share/geometry_msgs/cmake)
[0.715s] -- Found tf2_ros: 0.25.6 (/opt/ros/humble/share/tf2_ros/cmake)
[0.922s] -- Found tf2_geometry_msgs: 0.25.6 (/opt/ros/humble/share/tf2_geometry_msgs/cmake)
[0.930s] -- Found eigen3_cmake_module: 0.1.1 (/opt/ros/humble/share/eigen3_cmake_module/cmake)
[0.931s] -- Found Eigen3: TRUE (found version "3.4.0") 
[0.931s] -- Ensuring Eigen3 include directory is part of orocos-kdl CMake target
[0.937s] -- Found visualization_msgs: 4.2.3 (/opt/ros/humble/share/visualization_msgs/cmake)
[1.068s] -- Found ament_lint_auto: 0.12.10 (/opt/ros/humble/share/ament_lint_auto/cmake)
[1.114s] -- Added test 'cppcheck' to perform static code analysis on C / C++ code
[1.114s] -- Configured cppcheck include dirs: 
[1.114s] -- Configured cppcheck exclude dirs and/or files: 
[1.115s] -- Added test 'lint_cmake' to check CMake code style
[1.117s] -- Added test 'uncrustify' to check C / C++ code style
[1.117s] -- Configured uncrustify additional arguments: 
[1.118s] -- Added test 'xmllint' to check XML markup files
[1.118s] -- Configuring done
[1.126s] -- Generating done
[1.128s] -- Build files have been written to: /media/qing/NEW/RM/hotpot_exam2/1ros_and_tf2/1.5rviz2/marker/build/marker
[1.134s] Invoked command in '/media/qing/NEW/RM/hotpot_exam2/1ros_and_tf2/1.5rviz2/marker/build/marker' returned '0': CMAKE_PREFIX_PATH=${CMAKE_PREFIX_PATH}:/opt/ros/humble /usr/bin/cmake /media/qing/NEW/RM/hotpot_exam2/1ros_and_tf2/1.5rviz2/marker -DCMAKE_INSTALL_PREFIX=/media/qing/NEW/RM/hotpot_exam2/1ros_and_tf2/1.5rviz2/marker/install/marker
[1.135s] Invoking command in '/media/qing/NEW/RM/hotpot_exam2/1ros_and_tf2/1.5rviz2/marker/build/marker': CMAKE_PREFIX_PATH=${CMAKE_PREFIX_PATH}:/opt/ros/humble /usr/bin/cmake --build /media/qing/NEW/RM/hotpot_exam2/1ros_and_tf2/1.5rviz2/marker/build/marker -- -j16 -l16
[1.164s] [ 50%] [32mBuilding CXX object CMakeFiles/marker_node.dir/src/marker.cpp.o[0m
[1.296s] In file included from [01m[K/media/qing/NEW/RM/hotpot_exam2/1ros_and_tf2/1.5rviz2/marker/src/marker.cpp:4[m[K:
[1.296s] [01m[K/opt/ros/humble/include/tf2_geometry_msgs/tf2_geometry_msgs/tf2_geometry_msgs.h:35:2:[m[K [01;35m[Kwarning: [m[K#warning This header is obsolete, please include tf2_geometry_msgs/tf2_geometry_msgs.hpp instead [[01;35m[K]8;;https://gcc.gnu.org/onlinedocs/gcc/Warning-Options.html#index-Wcpp-Wcpp]8;;[m[K]
[1.296s]    35 | #[01;35m[Kwarning[m[K This header is obsolete, please include tf2_geometry_msgs/tf2_geometry_msgs.hpp instead
[1.296s]       |  [01;35m[K^~~~~~~[m[K
[6.319s] [100%] [32m[1mLinking CXX executable marker_node[0m
[6.590s] [100%] Built target marker_node
[6.597s] Invoked command in '/media/qing/NEW/RM/hotpot_exam2/1ros_and_tf2/1.5rviz2/marker/build/marker' returned '0': CMAKE_PREFIX_PATH=${CMAKE_PREFIX_PATH}:/opt/ros/humble /usr/bin/cmake --build /media/qing/NEW/RM/hotpot_exam2/1ros_and_tf2/1.5rviz2/marker/build/marker -- -j16 -l16
[6.615s] Invoking command in '/media/qing/NEW/RM/hotpot_exam2/1ros_and_tf2/1.5rviz2/marker/build/marker': CMAKE_PREFIX_PATH=${CMAKE_PREFIX_PATH}:/opt/ros/humble /usr/bin/cmake --install /media/qing/NEW/RM/hotpot_exam2/1ros_and_tf2/1.5rviz2/marker/build/marker
[6.619s] -- Install configuration: ""
[6.619s] -- Installing: /media/qing/NEW/RM/hotpot_exam2/1ros_and_tf2/1.5rviz2/marker/install/marker/lib/marker/marker_node
[6.621s] -- Set runtime path of "/media/qing/NEW/RM/hotpot_exam2/1ros_and_tf2/1.5rviz2/marker/install/marker/lib/marker/marker_node" to ""
[6.621s] -- Installing: /media/qing/NEW/RM/hotpot_exam2/1ros_and_tf2/1.5rviz2/marker/install/marker/share/ament_index/resource_index/package_run_dependencies/marker
[6.622s] -- Installing: /media/qing/NEW/RM/hotpot_exam2/1ros_and_tf2/1.5rviz2/marker/install/marker/share/ament_index/resource_index/parent_prefix_path/marker
[6.622s] -- Installing: /media/qing/NEW/RM/hotpot_exam2/1ros_and_tf2/1.5rviz2/marker/install/marker/share/marker/environment/ament_prefix_path.sh
[6.622s] -- Installing: /media/qing/NEW/RM/hotpot_exam2/1ros_and_tf2/1.5rviz2/marker/install/marker/share/marker/environment/ament_prefix_path.dsv
[6.622s] -- Installing: /media/qing/NEW/RM/hotpot_exam2/1ros_and_tf2/1.5rviz2/marker/install/marker/share/marker/environment/path.sh
[6.622s] -- Installing: /media/qing/NEW/RM/hotpot_exam2/1ros_and_tf2/1.5rviz2/marker/install/marker/share/marker/environment/path.dsv
[6.622s] -- Installing: /media/qing/NEW/RM/hotpot_exam2/1ros_and_tf2/1.5rviz2/marker/install/marker/share/marker/local_setup.bash
[6.622s] -- Installing: /media/qing/NEW/RM/hotpot_exam2/1ros_and_tf2/1.5rviz2/marker/install/marker/share/marker/local_setup.sh
[6.622s] -- Installing: /media/qing/NEW/RM/hotpot_exam2/1ros_and_tf2/1.5rviz2/marker/install/marker/share/marker/local_setup.zsh
[6.622s] -- Installing: /media/qing/NEW/RM/hotpot_exam2/1ros_and_tf2/1.5rviz2/marker/install/marker/share/marker/local_setup.dsv
[6.622s] -- Installing: /media/qing/NEW/RM/hotpot_exam2/1ros_and_tf2/1.5rviz2/marker/install/marker/share/marker/package.dsv
[6.622s] -- Installing: /media/qing/NEW/RM/hotpot_exam2/1ros_and_tf2/1.5rviz2/marker/install/marker/share/ament_index/resource_index/packages/marker
[6.623s] -- Installing: /media/qing/NEW/RM/hotpot_exam2/1ros_and_tf2/1.5rviz2/marker/install/marker/share/marker/cmake/markerConfig.cmake
[6.623s] -- Installing: /media/qing/NEW/RM/hotpot_exam2/1ros_and_tf2/1.5rviz2/marker/install/marker/share/marker/cmake/markerConfig-version.cmake
[6.623s] -- Installing: /media/qing/NEW/RM/hotpot_exam2/1ros_and_tf2/1.5rviz2/marker/install/marker/share/marker/package.xml
[6.624s] Invoked command in '/media/qing/NEW/RM/hotpot_exam2/1ros_and_tf2/1.5rviz2/marker/build/marker' returned '0': CMAKE_PREFIX_PATH=${CMAKE_PREFIX_PATH}:/opt/ros/humble /usr/bin/cmake --install /media/qing/NEW/RM/hotpot_exam2/1ros_and_tf2/1.5rviz2/marker/build/marker
