[0.055s] DEBUG:colcon:Command line arguments: ['/usr/bin/colcon', 'build']
[0.056s] DEBUG:colcon:Parsed command line arguments: Namespace(log_base=None, log_level=None, verb_name='build', build_base='build', install_base='install', merge_install=False, symlink_install=False, test_result_base=None, continue_on_error=False, executor='parallel', parallel_workers=16, event_handlers=None, ignore_user_meta=False, metas=['./colcon.meta'], base_paths=['.'], packages_ignore=None, packages_ignore_regex=None, paths=None, packages_up_to=None, packages_up_to_regex=None, packages_above=None, packages_above_and_dependencies=None, packages_above_depth=None, packages_select_by_dep=None, packages_skip_by_dep=None, packages_skip_up_to=None, packages_select_build_failed=False, packages_skip_build_finished=False, packages_select_test_failures=False, packages_skip_test_passed=False, packages_select=None, packages_skip=None, packages_select_regex=None, packages_skip_regex=None, packages_start=None, packages_end=None, allow_overriding=[], cmake_args=None, cmake_target=None, cmake_target_skip_unavailable=False, cmake_clean_cache=False, cmake_clean_first=False, cmake_force_configure=False, ament_cmake_args=None, catkin_cmake_args=None, catkin_skip_building_tests=False, verb_parser=<colcon_defaults.argument_parser.defaults.DefaultArgumentsDecorator object at 0x791e043d3b50>, verb_extension=<colcon_core.verb.build.BuildVerb object at 0x791e04510730>, main=<bound method BuildVerb.main of <colcon_core.verb.build.BuildVerb object at 0x791e04510730>>)
[0.136s] Level 1:colcon.colcon_core.package_discovery:discover_packages(colcon_meta) check parameters
[0.136s] Level 1:colcon.colcon_core.package_discovery:discover_packages(recursive) check parameters
[0.136s] Level 1:colcon.colcon_core.package_discovery:discover_packages(ignore) check parameters
[0.136s] Level 1:colcon.colcon_core.package_discovery:discover_packages(path) check parameters
[0.136s] Level 1:colcon.colcon_core.package_discovery:discover_packages(colcon_meta) discover
[0.136s] Level 1:colcon.colcon_core.package_discovery:discover_packages(recursive) discover
[0.136s] INFO:colcon.colcon_core.package_discovery:Crawling recursively for packages in '/media/qing/NEW/RM/hotpot_exam2/1ros_and_tf2/1.3sensor_storage/rmsimulator_listener'
[0.137s] Level 1:colcon.colcon_core.package_identification:_identify(.) by extensions ['ignore', 'ignore_ament_install']
[0.137s] Level 1:colcon.colcon_core.package_identification:_identify(.) by extension 'ignore'
[0.137s] Level 1:colcon.colcon_core.package_identification:_identify(.) by extension 'ignore_ament_install'
[0.137s] Level 1:colcon.colcon_core.package_identification:_identify(.) by extensions ['colcon_pkg']
[0.137s] Level 1:colcon.colcon_core.package_identification:_identify(.) by extension 'colcon_pkg'
[0.137s] Level 1:colcon.colcon_core.package_identification:_identify(.) by extensions ['colcon_meta']
[0.137s] Level 1:colcon.colcon_core.package_identification:_identify(.) by extension 'colcon_meta'
[0.137s] Level 1:colcon.colcon_core.package_identification:_identify(.) by extensions ['ros']
[0.137s] Level 1:colcon.colcon_core.package_identification:_identify(.) by extension 'ros'
[0.145s] DEBUG:colcon.colcon_core.package_identification:Package '.' with type 'ros.ament_cmake' and name 'rmsimulator_listener'
[0.145s] Level 1:colcon.colcon_core.package_discovery:discover_packages(recursive) using defaults
[0.145s] Level 1:colcon.colcon_core.package_discovery:discover_packages(ignore) discover
[0.145s] Level 1:colcon.colcon_core.package_discovery:discover_packages(ignore) using defaults
[0.145s] Level 1:colcon.colcon_core.package_discovery:discover_packages(path) discover
[0.145s] Level 1:colcon.colcon_core.package_discovery:discover_packages(path) using defaults
[0.157s] Level 1:colcon.colcon_core.package_discovery:discover_packages(prefix_path) check parameters
[0.157s] Level 1:colcon.colcon_core.package_discovery:discover_packages(prefix_path) discover
[0.158s] DEBUG:colcon.colcon_installed_package_information.package_discovery:Found 290 installed packages in /opt/ros/humble
[0.159s] Level 1:colcon.colcon_core.package_discovery:discover_packages(prefix_path) using defaults
[0.191s] Level 5:colcon.colcon_core.verb:set package 'rmsimulator_listener' build argument 'cmake_args' from command line to 'None'
[0.191s] Level 5:colcon.colcon_core.verb:set package 'rmsimulator_listener' build argument 'cmake_target' from command line to 'None'
[0.191s] Level 5:colcon.colcon_core.verb:set package 'rmsimulator_listener' build argument 'cmake_target_skip_unavailable' from command line to 'False'
[0.191s] Level 5:colcon.colcon_core.verb:set package 'rmsimulator_listener' build argument 'cmake_clean_cache' from command line to 'False'
[0.191s] Level 5:colcon.colcon_core.verb:set package 'rmsimulator_listener' build argument 'cmake_clean_first' from command line to 'False'
[0.191s] Level 5:colcon.colcon_core.verb:set package 'rmsimulator_listener' build argument 'cmake_force_configure' from command line to 'False'
[0.191s] Level 5:colcon.colcon_core.verb:set package 'rmsimulator_listener' build argument 'ament_cmake_args' from command line to 'None'
[0.191s] Level 5:colcon.colcon_core.verb:set package 'rmsimulator_listener' build argument 'catkin_cmake_args' from command line to 'None'
[0.191s] Level 5:colcon.colcon_core.verb:set package 'rmsimulator_listener' build argument 'catkin_skip_building_tests' from command line to 'False'
[0.191s] DEBUG:colcon.colcon_core.verb:Building package 'rmsimulator_listener' with the following arguments: {'ament_cmake_args': None, 'build_base': '/media/qing/NEW/RM/hotpot_exam2/1ros_and_tf2/1.3sensor_storage/rmsimulator_listener/build/rmsimulator_listener', 'catkin_cmake_args': None, 'catkin_skip_building_tests': False, 'cmake_args': None, 'cmake_clean_cache': False, 'cmake_clean_first': False, 'cmake_force_configure': False, 'cmake_target': None, 'cmake_target_skip_unavailable': False, 'install_base': '/media/qing/NEW/RM/hotpot_exam2/1ros_and_tf2/1.3sensor_storage/rmsimulator_listener/install/rmsimulator_listener', 'merge_install': False, 'path': '/media/qing/NEW/RM/hotpot_exam2/1ros_and_tf2/1.3sensor_storage/rmsimulator_listener', 'symlink_install': False, 'test_result_base': None}
[0.191s] INFO:colcon.colcon_core.executor:Executing jobs using 'parallel' executor
[0.192s] DEBUG:colcon.colcon_parallel_executor.executor.parallel:run_until_complete
[0.192s] INFO:colcon.colcon_ros.task.ament_cmake.build:Building ROS package in '/media/qing/NEW/RM/hotpot_exam2/1ros_and_tf2/1.3sensor_storage/rmsimulator_listener' with build type 'ament_cmake'
[0.192s] INFO:colcon.colcon_cmake.task.cmake.build:Building CMake package in '/media/qing/NEW/RM/hotpot_exam2/1ros_and_tf2/1.3sensor_storage/rmsimulator_listener'
[0.194s] INFO:colcon.colcon_core.plugin_system:Skipping extension 'colcon_core.shell.bat': Not used on non-Windows systems
[0.194s] INFO:colcon.colcon_core.shell:Skip shell extension 'powershell' for command environment: Not usable outside of PowerShell
[0.194s] DEBUG:colcon.colcon_core.shell:Skip shell extension 'dsv' for command environment
[0.199s] DEBUG:colcon.colcon_core.event_handler.log_command:Invoking command in '/media/qing/NEW/RM/hotpot_exam2/1ros_and_tf2/1.3sensor_storage/rmsimulator_listener/build/rmsimulator_listener': CMAKE_PREFIX_PATH=/opt/ros/humble /usr/bin/cmake /media/qing/NEW/RM/hotpot_exam2/1ros_and_tf2/1.3sensor_storage/rmsimulator_listener -DCMAKE_INSTALL_PREFIX=/media/qing/NEW/RM/hotpot_exam2/1ros_and_tf2/1.3sensor_storage/rmsimulator_listener/install/rmsimulator_listener
[0.967s] DEBUG:colcon.colcon_core.event_handler.log_command:Invoked command in '/media/qing/NEW/RM/hotpot_exam2/1ros_and_tf2/1.3sensor_storage/rmsimulator_listener/build/rmsimulator_listener' returned '0': CMAKE_PREFIX_PATH=/opt/ros/humble /usr/bin/cmake /media/qing/NEW/RM/hotpot_exam2/1ros_and_tf2/1.3sensor_storage/rmsimulator_listener -DCMAKE_INSTALL_PREFIX=/media/qing/NEW/RM/hotpot_exam2/1ros_and_tf2/1.3sensor_storage/rmsimulator_listener/install/rmsimulator_listener
[0.967s] DEBUG:colcon.colcon_core.event_handler.log_command:Invoking command in '/media/qing/NEW/RM/hotpot_exam2/1ros_and_tf2/1.3sensor_storage/rmsimulator_listener/build/rmsimulator_listener': CMAKE_PREFIX_PATH=/opt/ros/humble /usr/bin/cmake --build /media/qing/NEW/RM/hotpot_exam2/1ros_and_tf2/1.3sensor_storage/rmsimulator_listener/build/rmsimulator_listener -- -j16 -l16
[5.889s] DEBUG:colcon.colcon_core.event_handler.log_command:Invoked command in '/media/qing/NEW/RM/hotpot_exam2/1ros_and_tf2/1.3sensor_storage/rmsimulator_listener/build/rmsimulator_listener' returned '0': CMAKE_PREFIX_PATH=/opt/ros/humble /usr/bin/cmake --build /media/qing/NEW/RM/hotpot_exam2/1ros_and_tf2/1.3sensor_storage/rmsimulator_listener/build/rmsimulator_listener -- -j16 -l16
[5.914s] DEBUG:colcon.colcon_core.event_handler.log_command:Invoking command in '/media/qing/NEW/RM/hotpot_exam2/1ros_and_tf2/1.3sensor_storage/rmsimulator_listener/build/rmsimulator_listener': CMAKE_PREFIX_PATH=/opt/ros/humble /usr/bin/cmake --install /media/qing/NEW/RM/hotpot_exam2/1ros_and_tf2/1.3sensor_storage/rmsimulator_listener/build/rmsimulator_listener
[5.925s] Level 1:colcon.colcon_core.environment:create_environment_scripts_only(rmsimulator_listener)
[5.925s] DEBUG:colcon.colcon_core.event_handler.log_command:Invoked command in '/media/qing/NEW/RM/hotpot_exam2/1ros_and_tf2/1.3sensor_storage/rmsimulator_listener/build/rmsimulator_listener' returned '0': CMAKE_PREFIX_PATH=/opt/ros/humble /usr/bin/cmake --install /media/qing/NEW/RM/hotpot_exam2/1ros_and_tf2/1.3sensor_storage/rmsimulator_listener/build/rmsimulator_listener
[5.928s] Level 1:colcon.colcon_core.environment:checking '/media/qing/NEW/RM/hotpot_exam2/1ros_and_tf2/1.3sensor_storage/rmsimulator_listener/install/rmsimulator_listener' for CMake module files
[5.928s] Level 1:colcon.colcon_core.environment:checking '/media/qing/NEW/RM/hotpot_exam2/1ros_and_tf2/1.3sensor_storage/rmsimulator_listener/install/rmsimulator_listener' for CMake config files
[5.929s] Level 1:colcon.colcon_core.shell:create_environment_hook('rmsimulator_listener', 'cmake_prefix_path')
[5.929s] INFO:colcon.colcon_core.shell:Creating environment hook '/media/qing/NEW/RM/hotpot_exam2/1ros_and_tf2/1.3sensor_storage/rmsimulator_listener/install/rmsimulator_listener/share/rmsimulator_listener/hook/cmake_prefix_path.ps1'
[5.929s] INFO:colcon.colcon_core.shell:Creating environment descriptor '/media/qing/NEW/RM/hotpot_exam2/1ros_and_tf2/1.3sensor_storage/rmsimulator_listener/install/rmsimulator_listener/share/rmsimulator_listener/hook/cmake_prefix_path.dsv'
[5.930s] INFO:colcon.colcon_core.shell:Creating environment hook '/media/qing/NEW/RM/hotpot_exam2/1ros_and_tf2/1.3sensor_storage/rmsimulator_listener/install/rmsimulator_listener/share/rmsimulator_listener/hook/cmake_prefix_path.sh'
[5.930s] Level 1:colcon.colcon_core.environment:checking '/media/qing/NEW/RM/hotpot_exam2/1ros_and_tf2/1.3sensor_storage/rmsimulator_listener/install/rmsimulator_listener/lib'
[5.931s] Level 1:colcon.colcon_core.environment:checking '/media/qing/NEW/RM/hotpot_exam2/1ros_and_tf2/1.3sensor_storage/rmsimulator_listener/install/rmsimulator_listener/bin'
[5.931s] Level 1:colcon.colcon_core.environment:checking '/media/qing/NEW/RM/hotpot_exam2/1ros_and_tf2/1.3sensor_storage/rmsimulator_listener/install/rmsimulator_listener/lib/pkgconfig/rmsimulator_listener.pc'
[5.931s] Level 1:colcon.colcon_core.environment:checking '/media/qing/NEW/RM/hotpot_exam2/1ros_and_tf2/1.3sensor_storage/rmsimulator_listener/install/rmsimulator_listener/lib/python3.10/site-packages'
[5.931s] Level 1:colcon.colcon_core.environment:checking '/media/qing/NEW/RM/hotpot_exam2/1ros_and_tf2/1.3sensor_storage/rmsimulator_listener/install/rmsimulator_listener/bin'
[5.931s] INFO:colcon.colcon_core.shell:Creating package script '/media/qing/NEW/RM/hotpot_exam2/1ros_and_tf2/1.3sensor_storage/rmsimulator_listener/install/rmsimulator_listener/share/rmsimulator_listener/package.ps1'
[5.932s] INFO:colcon.colcon_core.shell:Creating package descriptor '/media/qing/NEW/RM/hotpot_exam2/1ros_and_tf2/1.3sensor_storage/rmsimulator_listener/install/rmsimulator_listener/share/rmsimulator_listener/package.dsv'
[5.933s] INFO:colcon.colcon_core.shell:Creating package script '/media/qing/NEW/RM/hotpot_exam2/1ros_and_tf2/1.3sensor_storage/rmsimulator_listener/install/rmsimulator_listener/share/rmsimulator_listener/package.sh'
[5.933s] INFO:colcon.colcon_core.shell:Creating package script '/media/qing/NEW/RM/hotpot_exam2/1ros_and_tf2/1.3sensor_storage/rmsimulator_listener/install/rmsimulator_listener/share/rmsimulator_listener/package.bash'
[5.934s] INFO:colcon.colcon_core.shell:Creating package script '/media/qing/NEW/RM/hotpot_exam2/1ros_and_tf2/1.3sensor_storage/rmsimulator_listener/install/rmsimulator_listener/share/rmsimulator_listener/package.zsh'
[5.934s] Level 1:colcon.colcon_core.environment:create_file_with_runtime_dependencies(/media/qing/NEW/RM/hotpot_exam2/1ros_and_tf2/1.3sensor_storage/rmsimulator_listener/install/rmsimulator_listener/share/colcon-core/packages/rmsimulator_listener)
[5.958s] Level 1:colcon.colcon_core.environment:create_environment_scripts_only(rmsimulator_listener)
[5.958s] Level 1:colcon.colcon_core.environment:checking '/media/qing/NEW/RM/hotpot_exam2/1ros_and_tf2/1.3sensor_storage/rmsimulator_listener/install/rmsimulator_listener' for CMake module files
[5.959s] Level 1:colcon.colcon_core.environment:checking '/media/qing/NEW/RM/hotpot_exam2/1ros_and_tf2/1.3sensor_storage/rmsimulator_listener/install/rmsimulator_listener' for CMake config files
[5.959s] Level 1:colcon.colcon_core.shell:create_environment_hook('rmsimulator_listener', 'cmake_prefix_path')
[5.959s] INFO:colcon.colcon_core.shell:Creating environment hook '/media/qing/NEW/RM/hotpot_exam2/1ros_and_tf2/1.3sensor_storage/rmsimulator_listener/install/rmsimulator_listener/share/rmsimulator_listener/hook/cmake_prefix_path.ps1'
[5.959s] INFO:colcon.colcon_core.shell:Creating environment descriptor '/media/qing/NEW/RM/hotpot_exam2/1ros_and_tf2/1.3sensor_storage/rmsimulator_listener/install/rmsimulator_listener/share/rmsimulator_listener/hook/cmake_prefix_path.dsv'
[5.960s] INFO:colcon.colcon_core.shell:Creating environment hook '/media/qing/NEW/RM/hotpot_exam2/1ros_and_tf2/1.3sensor_storage/rmsimulator_listener/install/rmsimulator_listener/share/rmsimulator_listener/hook/cmake_prefix_path.sh'
[5.960s] Level 1:colcon.colcon_core.environment:checking '/media/qing/NEW/RM/hotpot_exam2/1ros_and_tf2/1.3sensor_storage/rmsimulator_listener/install/rmsimulator_listener/lib'
[5.960s] Level 1:colcon.colcon_core.environment:checking '/media/qing/NEW/RM/hotpot_exam2/1ros_and_tf2/1.3sensor_storage/rmsimulator_listener/install/rmsimulator_listener/bin'
[5.960s] Level 1:colcon.colcon_core.environment:checking '/media/qing/NEW/RM/hotpot_exam2/1ros_and_tf2/1.3sensor_storage/rmsimulator_listener/install/rmsimulator_listener/lib/pkgconfig/rmsimulator_listener.pc'
[5.961s] Level 1:colcon.colcon_core.environment:checking '/media/qing/NEW/RM/hotpot_exam2/1ros_and_tf2/1.3sensor_storage/rmsimulator_listener/install/rmsimulator_listener/lib/python3.10/site-packages'
[5.961s] Level 1:colcon.colcon_core.environment:checking '/media/qing/NEW/RM/hotpot_exam2/1ros_and_tf2/1.3sensor_storage/rmsimulator_listener/install/rmsimulator_listener/bin'
[5.961s] INFO:colcon.colcon_core.shell:Creating package script '/media/qing/NEW/RM/hotpot_exam2/1ros_and_tf2/1.3sensor_storage/rmsimulator_listener/install/rmsimulator_listener/share/rmsimulator_listener/package.ps1'
[5.962s] INFO:colcon.colcon_core.shell:Creating package descriptor '/media/qing/NEW/RM/hotpot_exam2/1ros_and_tf2/1.3sensor_storage/rmsimulator_listener/install/rmsimulator_listener/share/rmsimulator_listener/package.dsv'
[5.962s] INFO:colcon.colcon_core.shell:Creating package script '/media/qing/NEW/RM/hotpot_exam2/1ros_and_tf2/1.3sensor_storage/rmsimulator_listener/install/rmsimulator_listener/share/rmsimulator_listener/package.sh'
[5.962s] INFO:colcon.colcon_core.shell:Creating package script '/media/qing/NEW/RM/hotpot_exam2/1ros_and_tf2/1.3sensor_storage/rmsimulator_listener/install/rmsimulator_listener/share/rmsimulator_listener/package.bash'
[5.963s] INFO:colcon.colcon_core.shell:Creating package script '/media/qing/NEW/RM/hotpot_exam2/1ros_and_tf2/1.3sensor_storage/rmsimulator_listener/install/rmsimulator_listener/share/rmsimulator_listener/package.zsh'
[5.963s] Level 1:colcon.colcon_core.environment:create_file_with_runtime_dependencies(/media/qing/NEW/RM/hotpot_exam2/1ros_and_tf2/1.3sensor_storage/rmsimulator_listener/install/rmsimulator_listener/share/colcon-core/packages/rmsimulator_listener)
[5.963s] DEBUG:colcon.colcon_parallel_executor.executor.parallel:closing loop
[5.963s] DEBUG:colcon.colcon_parallel_executor.executor.parallel:loop closed
[5.964s] DEBUG:colcon.colcon_parallel_executor.executor.parallel:run_until_complete finished with '0'
[5.964s] DEBUG:colcon.colcon_core.event_reactor:joining thread
[5.967s] INFO:colcon.colcon_core.plugin_system:Skipping extension 'colcon_notification.desktop_notification.terminal_notifier': Not used on non-Darwin systems
[5.967s] INFO:colcon.colcon_core.plugin_system:Skipping extension 'colcon_notification.desktop_notification.win32': Not used on non-Windows systems
[5.967s] INFO:colcon.colcon_notification.desktop_notification:Sending desktop notification using 'notify2'
[5.976s] DEBUG:colcon.colcon_core.event_reactor:joined thread
[5.977s] INFO:colcon.colcon_core.shell:Creating prefix script '/media/qing/NEW/RM/hotpot_exam2/1ros_and_tf2/1.3sensor_storage/rmsimulator_listener/install/local_setup.ps1'
[5.977s] INFO:colcon.colcon_core.shell:Creating prefix util module '/media/qing/NEW/RM/hotpot_exam2/1ros_and_tf2/1.3sensor_storage/rmsimulator_listener/install/_local_setup_util_ps1.py'
[5.978s] INFO:colcon.colcon_core.shell:Creating prefix chain script '/media/qing/NEW/RM/hotpot_exam2/1ros_and_tf2/1.3sensor_storage/rmsimulator_listener/install/setup.ps1'
[5.978s] INFO:colcon.colcon_core.shell:Creating prefix script '/media/qing/NEW/RM/hotpot_exam2/1ros_and_tf2/1.3sensor_storage/rmsimulator_listener/install/local_setup.sh'
[5.979s] INFO:colcon.colcon_core.shell:Creating prefix util module '/media/qing/NEW/RM/hotpot_exam2/1ros_and_tf2/1.3sensor_storage/rmsimulator_listener/install/_local_setup_util_sh.py'
[5.979s] INFO:colcon.colcon_core.shell:Creating prefix chain script '/media/qing/NEW/RM/hotpot_exam2/1ros_and_tf2/1.3sensor_storage/rmsimulator_listener/install/setup.sh'
[5.979s] INFO:colcon.colcon_core.shell:Creating prefix script '/media/qing/NEW/RM/hotpot_exam2/1ros_and_tf2/1.3sensor_storage/rmsimulator_listener/install/local_setup.bash'
[5.980s] INFO:colcon.colcon_core.shell:Creating prefix chain script '/media/qing/NEW/RM/hotpot_exam2/1ros_and_tf2/1.3sensor_storage/rmsimulator_listener/install/setup.bash'
[5.980s] INFO:colcon.colcon_core.shell:Creating prefix script '/media/qing/NEW/RM/hotpot_exam2/1ros_and_tf2/1.3sensor_storage/rmsimulator_listener/install/local_setup.zsh'
[5.980s] INFO:colcon.colcon_core.shell:Creating prefix chain script '/media/qing/NEW/RM/hotpot_exam2/1ros_and_tf2/1.3sensor_storage/rmsimulator_listener/install/setup.zsh'
