-- The C compiler identification is GNU 11.4.0
-- The CXX compiler identification is GNU 11.4.0
-- Detecting C compiler ABI info
-- Detecting C compiler ABI info - done
-- Check for working C compiler: /usr/bin/cc - skipped
-- Detecting C compile features
-- Detecting C compile features - done
-- Detecting CXX compiler ABI info
-- Detecting CXX compiler ABI info - done
-- Check for working CXX compiler: /usr/bin/c++ - skipped
-- Detecting CXX compile features
-- Detecting CXX compile features - done
-- Found ament_cmake: 1.3.8 (/opt/ros/humble/share/ament_cmake/cmake)
-- Found Python3: /usr/bin/python3 (found version "3.10.12") found components: Interpreter 
-- Found rclcpp: 16.0.8 (/opt/ros/humble/share/rclcpp/cmake)
-- Found rosidl_generator_c: 3.1.5 (/opt/ros/humble/share/rosidl_generator_c/cmake)
-- Found rosidl_adapter: 3.1.5 (/opt/ros/humble/share/rosidl_adapter/cmake)
-- Found rosidl_generator_cpp: 3.1.5 (/opt/ros/humble/share/rosidl_generator_cpp/cmake)
-- Using all available rosidl_typesupport_c: rosidl_typesupport_fastrtps_c;rosidl_typesupport_introspection_c
-- Using all available rosidl_typesupport_cpp: rosidl_typesupport_fastrtps_cpp;rosidl_typesupport_introspection_cpp
-- Found rmw_implementation_cmake: 6.1.1 (/opt/ros/humble/share/rmw_implementation_cmake/cmake)
-- Found rmw_fastrtps_cpp: 6.2.6 (/opt/ros/humble/share/rmw_fastrtps_cpp/cmake)
-- Found OpenSSL: /usr/lib/x86_64-linux-gnu/libcrypto.so (found version "3.0.2")  
-- Found FastRTPS: /opt/ros/humble/include  
-- Using RMW implementation 'rmw_fastrtps_cpp' as default
-- Looking for pthread.h
-- Looking for pthread.h - found
-- Performing Test CMAKE_HAVE_LIBC_PTHREAD
-- Performing Test CMAKE_HAVE_LIBC_PTHREAD - Success
-- Found Threads: TRUE  
-- Found geometry_msgs: 4.2.3 (/opt/ros/humble/share/geometry_msgs/cmake)
-- Found tf2_ros: 0.25.6 (/opt/ros/humble/share/tf2_ros/cmake)
-- Found tf2_geometry_msgs: 0.25.6 (/opt/ros/humble/share/tf2_geometry_msgs/cmake)
-- Found eigen3_cmake_module: 0.1.1 (/opt/ros/humble/share/eigen3_cmake_module/cmake)
-- Found Eigen3: TRUE (found version "3.4.0") 
-- Ensuring Eigen3 include directory is part of orocos-kdl CMake target
-- Found ament_lint_auto: 0.12.10 (/opt/ros/humble/share/ament_lint_auto/cmake)
-- Added test 'cppcheck' to perform static code analysis on C / C++ code
-- Configured cppcheck include dirs: 
-- Configured cppcheck exclude dirs and/or files: 
-- Added test 'lint_cmake' to check CMake code style
-- Added test 'uncrustify' to check C / C++ code style
-- Configured uncrustify additional arguments: 
-- Added test 'xmllint' to check XML markup files
-- Configuring done
-- Generating done
-- Build files have been written to: /media/qing/NEW/RM/hotpot_exam2/1ros_and_tf2/1.4tf2/urdf_base_tf2/build/urdf_base_tf2
[ 50%] [32mBuilding CXX object CMakeFiles/urdf_base_tf2_node.dir/src/urdf_base_tf2.cpp.o[0m
In file included from [01m[K/media/qing/NEW/RM/hotpot_exam2/1ros_and_tf2/1.4tf2/urdf_base_tf2/src/urdf_base_tf2.cpp:4[m[K:
[01m[K/opt/ros/humble/include/tf2_geometry_msgs/tf2_geometry_msgs/tf2_geometry_msgs.h:35:2:[m[K [01;35m[Kwarning: [m[K#warning This header is obsolete, please include tf2_geometry_msgs/tf2_geometry_msgs.hpp instead [[01;35m[K]8;;https://gcc.gnu.org/onlinedocs/gcc/Warning-Options.html#index-Wcpp-Wcpp]8;;[m[K]
   35 | #[01;35m[Kwarning[m[K This header is obsolete, please include tf2_geometry_msgs/tf2_geometry_msgs.hpp instead
      |  [01;35m[K^~~~~~~[m[K
[100%] [32m[1mLinking CXX executable urdf_base_tf2_node[0m
[100%] Built target urdf_base_tf2_node
-- Install configuration: ""
-- Installing: /media/qing/NEW/RM/hotpot_exam2/1ros_and_tf2/1.4tf2/urdf_base_tf2/install/urdf_base_tf2/lib/urdf_base_tf2/urdf_base_tf2_node
-- Set runtime path of "/media/qing/NEW/RM/hotpot_exam2/1ros_and_tf2/1.4tf2/urdf_base_tf2/install/urdf_base_tf2/lib/urdf_base_tf2/urdf_base_tf2_node" to ""
-- Installing: /media/qing/NEW/RM/hotpot_exam2/1ros_and_tf2/1.4tf2/urdf_base_tf2/install/urdf_base_tf2/share/ament_index/resource_index/package_run_dependencies/urdf_base_tf2
-- Installing: /media/qing/NEW/RM/hotpot_exam2/1ros_and_tf2/1.4tf2/urdf_base_tf2/install/urdf_base_tf2/share/ament_index/resource_index/parent_prefix_path/urdf_base_tf2
-- Installing: /media/qing/NEW/RM/hotpot_exam2/1ros_and_tf2/1.4tf2/urdf_base_tf2/install/urdf_base_tf2/share/urdf_base_tf2/environment/ament_prefix_path.sh
-- Installing: /media/qing/NEW/RM/hotpot_exam2/1ros_and_tf2/1.4tf2/urdf_base_tf2/install/urdf_base_tf2/share/urdf_base_tf2/environment/ament_prefix_path.dsv
-- Installing: /media/qing/NEW/RM/hotpot_exam2/1ros_and_tf2/1.4tf2/urdf_base_tf2/install/urdf_base_tf2/share/urdf_base_tf2/environment/path.sh
-- Installing: /media/qing/NEW/RM/hotpot_exam2/1ros_and_tf2/1.4tf2/urdf_base_tf2/install/urdf_base_tf2/share/urdf_base_tf2/environment/path.dsv
-- Installing: /media/qing/NEW/RM/hotpot_exam2/1ros_and_tf2/1.4tf2/urdf_base_tf2/install/urdf_base_tf2/share/urdf_base_tf2/local_setup.bash
-- Installing: /media/qing/NEW/RM/hotpot_exam2/1ros_and_tf2/1.4tf2/urdf_base_tf2/install/urdf_base_tf2/share/urdf_base_tf2/local_setup.sh
-- Installing: /media/qing/NEW/RM/hotpot_exam2/1ros_and_tf2/1.4tf2/urdf_base_tf2/install/urdf_base_tf2/share/urdf_base_tf2/local_setup.zsh
-- Installing: /media/qing/NEW/RM/hotpot_exam2/1ros_and_tf2/1.4tf2/urdf_base_tf2/install/urdf_base_tf2/share/urdf_base_tf2/local_setup.dsv
-- Installing: /media/qing/NEW/RM/hotpot_exam2/1ros_and_tf2/1.4tf2/urdf_base_tf2/install/urdf_base_tf2/share/urdf_base_tf2/package.dsv
-- Installing: /media/qing/NEW/RM/hotpot_exam2/1ros_and_tf2/1.4tf2/urdf_base_tf2/install/urdf_base_tf2/share/ament_index/resource_index/packages/urdf_base_tf2
-- Installing: /media/qing/NEW/RM/hotpot_exam2/1ros_and_tf2/1.4tf2/urdf_base_tf2/install/urdf_base_tf2/share/urdf_base_tf2/cmake/urdf_base_tf2Config.cmake
-- Installing: /media/qing/NEW/RM/hotpot_exam2/1ros_and_tf2/1.4tf2/urdf_base_tf2/install/urdf_base_tf2/share/urdf_base_tf2/cmake/urdf_base_tf2Config-version.cmake
-- Installing: /media/qing/NEW/RM/hotpot_exam2/1ros_and_tf2/1.4tf2/urdf_base_tf2/install/urdf_base_tf2/share/urdf_base_tf2/package.xml
