[0.005s] Invoking command in '/media/qing/NEW/RM/hotpot_exam2/1ros_and_tf2/1.4tf2/urdf_base_tf2/build/urdf_base_tf2': CMAKE_PREFIX_PATH=${CMAKE_PREFIX_PATH}:/opt/ros/humble /usr/bin/cmake /media/qing/NEW/RM/hotpot_exam2/1ros_and_tf2/1.4tf2/urdf_base_tf2 -DCMAKE_INSTALL_PREFIX=/media/qing/NEW/RM/hotpot_exam2/1ros_and_tf2/1.4tf2/urdf_base_tf2/install/urdf_base_tf2
[0.035s] -- The C compiler identification is GNU 11.4.0
[0.065s] -- The CXX compiler identification is GNU 11.4.0
[0.069s] -- Detecting C compiler ABI info
[0.106s] -- Detecting C compiler ABI info - done
[0.110s] -- Check for working C compiler: /usr/bin/cc - skipped
[0.110s] -- Detecting C compile features
[0.110s] -- Detecting C compile features - done
[0.112s] -- Detecting CXX compiler ABI info
[0.157s] -- Detecting CXX compiler ABI info - done
[0.161s] -- Check for working CXX compiler: /usr/bin/c++ - skipped
[0.162s] -- Detecting CXX compile features
[0.162s] -- Detecting CXX compile features - done
[0.163s] -- Found ament_cmake: 1.3.8 (/opt/ros/humble/share/ament_cmake/cmake)
[0.255s] -- Found Python3: /usr/bin/python3 (found version "3.10.12") found components: Interpreter 
[0.309s] -- Found rclcpp: 16.0.8 (/opt/ros/humble/share/rclcpp/cmake)
[0.333s] -- Found rosidl_generator_c: 3.1.5 (/opt/ros/humble/share/rosidl_generator_c/cmake)
[0.336s] -- Found rosidl_adapter: 3.1.5 (/opt/ros/humble/share/rosidl_adapter/cmake)
[0.341s] -- Found rosidl_generator_cpp: 3.1.5 (/opt/ros/humble/share/rosidl_generator_cpp/cmake)
[0.349s] -- Using all available rosidl_typesupport_c: rosidl_typesupport_fastrtps_c;rosidl_typesupport_introspection_c
[0.361s] -- Using all available rosidl_typesupport_cpp: rosidl_typesupport_fastrtps_cpp;rosidl_typesupport_introspection_cpp
[0.406s] -- Found rmw_implementation_cmake: 6.1.1 (/opt/ros/humble/share/rmw_implementation_cmake/cmake)
[0.408s] -- Found rmw_fastrtps_cpp: 6.2.6 (/opt/ros/humble/share/rmw_fastrtps_cpp/cmake)
[0.465s] -- Found OpenSSL: /usr/lib/x86_64-linux-gnu/libcrypto.so (found version "3.0.2")  
[0.481s] -- Found FastRTPS: /opt/ros/humble/include  
[0.512s] -- Using RMW implementation 'rmw_fastrtps_cpp' as default
[0.517s] -- Looking for pthread.h
[0.559s] -- Looking for pthread.h - found
[0.559s] -- Performing Test CMAKE_HAVE_LIBC_PTHREAD
[0.600s] -- Performing Test CMAKE_HAVE_LIBC_PTHREAD - Success
[0.600s] -- Found Threads: TRUE  
[0.710s] -- Found geometry_msgs: 4.2.3 (/opt/ros/humble/share/geometry_msgs/cmake)
[0.741s] -- Found tf2_ros: 0.25.6 (/opt/ros/humble/share/tf2_ros/cmake)
[0.983s] -- Found tf2_geometry_msgs: 0.25.6 (/opt/ros/humble/share/tf2_geometry_msgs/cmake)
[0.991s] -- Found eigen3_cmake_module: 0.1.1 (/opt/ros/humble/share/eigen3_cmake_module/cmake)
[0.992s] -- Found Eigen3: TRUE (found version "3.4.0") 
[0.992s] -- Ensuring Eigen3 include directory is part of orocos-kdl CMake target
[0.999s] -- Found ament_lint_auto: 0.12.10 (/opt/ros/humble/share/ament_lint_auto/cmake)
[1.051s] -- Added test 'cppcheck' to perform static code analysis on C / C++ code
[1.051s] -- Configured cppcheck include dirs: 
[1.051s] -- Configured cppcheck exclude dirs and/or files: 
[1.052s] -- Added test 'lint_cmake' to check CMake code style
[1.054s] -- Added test 'uncrustify' to check C / C++ code style
[1.054s] -- Configured uncrustify additional arguments: 
[1.054s] -- Added test 'xmllint' to check XML markup files
[1.055s] -- Configuring done
[1.061s] -- Generating done
[1.062s] -- Build files have been written to: /media/qing/NEW/RM/hotpot_exam2/1ros_and_tf2/1.4tf2/urdf_base_tf2/build/urdf_base_tf2
[1.070s] Invoked command in '/media/qing/NEW/RM/hotpot_exam2/1ros_and_tf2/1.4tf2/urdf_base_tf2/build/urdf_base_tf2' returned '0': CMAKE_PREFIX_PATH=${CMAKE_PREFIX_PATH}:/opt/ros/humble /usr/bin/cmake /media/qing/NEW/RM/hotpot_exam2/1ros_and_tf2/1.4tf2/urdf_base_tf2 -DCMAKE_INSTALL_PREFIX=/media/qing/NEW/RM/hotpot_exam2/1ros_and_tf2/1.4tf2/urdf_base_tf2/install/urdf_base_tf2
[1.070s] Invoking command in '/media/qing/NEW/RM/hotpot_exam2/1ros_and_tf2/1.4tf2/urdf_base_tf2/build/urdf_base_tf2': CMAKE_PREFIX_PATH=${CMAKE_PREFIX_PATH}:/opt/ros/humble /usr/bin/cmake --build /media/qing/NEW/RM/hotpot_exam2/1ros_and_tf2/1.4tf2/urdf_base_tf2/build/urdf_base_tf2 -- -j16 -l16
[1.097s] [ 50%] [32mBuilding CXX object CMakeFiles/urdf_base_tf2_node.dir/src/urdf_base_tf2.cpp.o[0m
[1.245s] In file included from [01m[K/media/qing/NEW/RM/hotpot_exam2/1ros_and_tf2/1.4tf2/urdf_base_tf2/src/urdf_base_tf2.cpp:4[m[K:
[1.245s] [01m[K/opt/ros/humble/include/tf2_geometry_msgs/tf2_geometry_msgs/tf2_geometry_msgs.h:35:2:[m[K [01;35m[Kwarning: [m[K#warning This header is obsolete, please include tf2_geometry_msgs/tf2_geometry_msgs.hpp instead [[01;35m[K]8;;https://gcc.gnu.org/onlinedocs/gcc/Warning-Options.html#index-Wcpp-Wcpp]8;;[m[K]
[1.245s]    35 | #[01;35m[Kwarning[m[K This header is obsolete, please include tf2_geometry_msgs/tf2_geometry_msgs.hpp instead
[1.245s]       |  [01;35m[K^~~~~~~[m[K
[6.260s] [100%] [32m[1mLinking CXX executable urdf_base_tf2_node[0m
[6.522s] [100%] Built target urdf_base_tf2_node
[6.530s] Invoked command in '/media/qing/NEW/RM/hotpot_exam2/1ros_and_tf2/1.4tf2/urdf_base_tf2/build/urdf_base_tf2' returned '0': CMAKE_PREFIX_PATH=${CMAKE_PREFIX_PATH}:/opt/ros/humble /usr/bin/cmake --build /media/qing/NEW/RM/hotpot_exam2/1ros_and_tf2/1.4tf2/urdf_base_tf2/build/urdf_base_tf2 -- -j16 -l16
[6.547s] Invoking command in '/media/qing/NEW/RM/hotpot_exam2/1ros_and_tf2/1.4tf2/urdf_base_tf2/build/urdf_base_tf2': CMAKE_PREFIX_PATH=${CMAKE_PREFIX_PATH}:/opt/ros/humble /usr/bin/cmake --install /media/qing/NEW/RM/hotpot_exam2/1ros_and_tf2/1.4tf2/urdf_base_tf2/build/urdf_base_tf2
[6.552s] -- Install configuration: ""
[6.552s] -- Installing: /media/qing/NEW/RM/hotpot_exam2/1ros_and_tf2/1.4tf2/urdf_base_tf2/install/urdf_base_tf2/lib/urdf_base_tf2/urdf_base_tf2_node
[6.553s] -- Set runtime path of "/media/qing/NEW/RM/hotpot_exam2/1ros_and_tf2/1.4tf2/urdf_base_tf2/install/urdf_base_tf2/lib/urdf_base_tf2/urdf_base_tf2_node" to ""
[6.554s] -- Installing: /media/qing/NEW/RM/hotpot_exam2/1ros_and_tf2/1.4tf2/urdf_base_tf2/install/urdf_base_tf2/share/ament_index/resource_index/package_run_dependencies/urdf_base_tf2
[6.554s] -- Installing: /media/qing/NEW/RM/hotpot_exam2/1ros_and_tf2/1.4tf2/urdf_base_tf2/install/urdf_base_tf2/share/ament_index/resource_index/parent_prefix_path/urdf_base_tf2
[6.554s] -- Installing: /media/qing/NEW/RM/hotpot_exam2/1ros_and_tf2/1.4tf2/urdf_base_tf2/install/urdf_base_tf2/share/urdf_base_tf2/environment/ament_prefix_path.sh
[6.554s] -- Installing: /media/qing/NEW/RM/hotpot_exam2/1ros_and_tf2/1.4tf2/urdf_base_tf2/install/urdf_base_tf2/share/urdf_base_tf2/environment/ament_prefix_path.dsv
[6.554s] -- Installing: /media/qing/NEW/RM/hotpot_exam2/1ros_and_tf2/1.4tf2/urdf_base_tf2/install/urdf_base_tf2/share/urdf_base_tf2/environment/path.sh
[6.554s] -- Installing: /media/qing/NEW/RM/hotpot_exam2/1ros_and_tf2/1.4tf2/urdf_base_tf2/install/urdf_base_tf2/share/urdf_base_tf2/environment/path.dsv
[6.554s] -- Installing: /media/qing/NEW/RM/hotpot_exam2/1ros_and_tf2/1.4tf2/urdf_base_tf2/install/urdf_base_tf2/share/urdf_base_tf2/local_setup.bash
[6.554s] -- Installing: /media/qing/NEW/RM/hotpot_exam2/1ros_and_tf2/1.4tf2/urdf_base_tf2/install/urdf_base_tf2/share/urdf_base_tf2/local_setup.sh
[6.554s] -- Installing: /media/qing/NEW/RM/hotpot_exam2/1ros_and_tf2/1.4tf2/urdf_base_tf2/install/urdf_base_tf2/share/urdf_base_tf2/local_setup.zsh
[6.554s] -- Installing: /media/qing/NEW/RM/hotpot_exam2/1ros_and_tf2/1.4tf2/urdf_base_tf2/install/urdf_base_tf2/share/urdf_base_tf2/local_setup.dsv
[6.554s] -- Installing: /media/qing/NEW/RM/hotpot_exam2/1ros_and_tf2/1.4tf2/urdf_base_tf2/install/urdf_base_tf2/share/urdf_base_tf2/package.dsv
[6.554s] -- Installing: /media/qing/NEW/RM/hotpot_exam2/1ros_and_tf2/1.4tf2/urdf_base_tf2/install/urdf_base_tf2/share/ament_index/resource_index/packages/urdf_base_tf2
[6.554s] -- Installing: /media/qing/NEW/RM/hotpot_exam2/1ros_and_tf2/1.4tf2/urdf_base_tf2/install/urdf_base_tf2/share/urdf_base_tf2/cmake/urdf_base_tf2Config.cmake
[6.555s] -- Installing: /media/qing/NEW/RM/hotpot_exam2/1ros_and_tf2/1.4tf2/urdf_base_tf2/install/urdf_base_tf2/share/urdf_base_tf2/cmake/urdf_base_tf2Config-version.cmake
[6.555s] -- Installing: /media/qing/NEW/RM/hotpot_exam2/1ros_and_tf2/1.4tf2/urdf_base_tf2/install/urdf_base_tf2/share/urdf_base_tf2/package.xml
[6.556s] Invoked command in '/media/qing/NEW/RM/hotpot_exam2/1ros_and_tf2/1.4tf2/urdf_base_tf2/build/urdf_base_tf2' returned '0': CMAKE_PREFIX_PATH=${CMAKE_PREFIX_PATH}:/opt/ros/humble /usr/bin/cmake --install /media/qing/NEW/RM/hotpot_exam2/1ros_and_tf2/1.4tf2/urdf_base_tf2/build/urdf_base_tf2
