In file included from [01m[K/opt/ros/humble/include/rclcpp/rclcpp/logging.hpp:24[m[K,
                 from [01m[K/opt/ros/humble/include/rclcpp/rclcpp/client.hpp:40[m[K,
                 from [01m[K/opt/ros/humble/include/rclcpp/rclcpp/callback_group.hpp:24[m[K,
                 from [01m[K/opt/ros/humble/include/rclcpp/rclcpp/any_executable.hpp:20[m[K,
                 from [01m[K/opt/ros/humble/include/rclcpp/rclcpp/memory_strategy.hpp:25[m[K,
                 from [01m[K/opt/ros/humble/include/rclcpp/rclcpp/memory_strategies.hpp:18[m[K,
                 from [01m[K/opt/ros/humble/include/rclcpp/rclcpp/executor_options.hpp:20[m[K,
                 from [01m[K/opt/ros/humble/include/rclcpp/rclcpp/executor.hpp:37[m[K,
                 from [01m[K/opt/ros/humble/include/rclcpp/rclcpp/executors/multi_threaded_executor.hpp:25[m[K,
                 from [01m[K/opt/ros/humble/include/rclcpp/rclcpp/executors.hpp:21[m[K,
                 from [01m[K/opt/ros/humble/include/rclcpp/rclcpp/rclcpp.hpp:155[m[K,
                 from [01m[K/media/qing/NEW/RM/hotpot_exam2/1ros_and_tf2/1.3sensor_storage/rmsimulator_listener/src/rmsimulator_listener.cpp:1[m[K:
[01m[K/media/qing/NEW/RM/hotpot_exam2/1ros_and_tf2/1.3sensor_storage/rmsimulator_listener/src/rmsimulator_listener.cpp:[m[K In member function ‘[01m[Kvoid RmsimulatorListener::updateQueue()[m[K’:
[01m[K/media/qing/NEW/RM/hotpot_exam2/1ros_and_tf2/1.3sensor_storage/rmsimulator_listener/src/rmsimulator_listener.cpp:40:39:[m[K [01;35m[Kwarning: [m[Kformat ‘[01m[K%ld[m[K’ expects argument of type ‘[01m[Klong int[m[K’, but argument 8 has type ‘[01m[Kbuiltin_interfaces::msg::Time_<std::allocator<void> >::_sec_type[m[K’ {aka ‘[01m[Kint[m[K’} [[01;35m[K]8;;https://gcc.gnu.org/onlinedocs/gcc/Warning-Options.html#index-Wformat=-Wformat=]8;;[m[K]
   40 |       RCLCPP_INFO(this->get_logger(), [01;35m[K"Point: x=%f, y=%f, z=%f, stamp=%ld.%ld"[m[K, point.point.x, point.point.y, point.point.z, [32m[Kpoint.header.stamp.sec[m[K, point.header.stamp.nanosec);
      |                                       [01;35m[K^~~~~~~~~~~~~~~~~~~~~~~~~~~~~~~~~~~~~~~~[m[K                                               [32m[K~~~~~~~~~~~~~~~~~~~~~~[m[K
      |                                                                                                                                                 [32m[K|[m[K
      |                                                                                                                                                 [32m[Kbuiltin_interfaces::msg::Time_<std::allocator<void> >::_sec_type {aka int}[m[K
[01m[K/media/qing/NEW/RM/hotpot_exam2/1ros_and_tf2/1.3sensor_storage/rmsimulator_listener/src/rmsimulator_listener.cpp:40:73:[m[K [01;36m[Knote: [m[Kformat string is defined here
   40 | _INFO(this->get_logger(), "Point: x=%f, y=%f, z=%f, stamp=[01;36m[K%ld[m[K.%ld", point.point.x, point.point.y, point.point.z, point.header.stamp.sec, point.header.stamp.nanosec);
      |                                                           [01;36m[K~~^[m[K
      |                                                             [01;36m[K|[m[K
      |                                                             [01;36m[Klong int[m[K
      |                                                           [32m[K%d[m[K
In file included from [01m[K/opt/ros/humble/include/rclcpp/rclcpp/logging.hpp:24[m[K,
                 from [01m[K/opt/ros/humble/include/rclcpp/rclcpp/client.hpp:40[m[K,
                 from [01m[K/opt/ros/humble/include/rclcpp/rclcpp/callback_group.hpp:24[m[K,
                 from [01m[K/opt/ros/humble/include/rclcpp/rclcpp/any_executable.hpp:20[m[K,
                 from [01m[K/opt/ros/humble/include/rclcpp/rclcpp/memory_strategy.hpp:25[m[K,
                 from [01m[K/opt/ros/humble/include/rclcpp/rclcpp/memory_strategies.hpp:18[m[K,
                 from [01m[K/opt/ros/humble/include/rclcpp/rclcpp/executor_options.hpp:20[m[K,
                 from [01m[K/opt/ros/humble/include/rclcpp/rclcpp/executor.hpp:37[m[K,
                 from [01m[K/opt/ros/humble/include/rclcpp/rclcpp/executors/multi_threaded_executor.hpp:25[m[K,
                 from [01m[K/opt/ros/humble/include/rclcpp/rclcpp/executors.hpp:21[m[K,
                 from [01m[K/opt/ros/humble/include/rclcpp/rclcpp/rclcpp.hpp:155[m[K,
                 from [01m[K/media/qing/NEW/RM/hotpot_exam2/1ros_and_tf2/1.3sensor_storage/rmsimulator_listener/src/rmsimulator_listener.cpp:1[m[K:
[01m[K/media/qing/NEW/RM/hotpot_exam2/1ros_and_tf2/1.3sensor_storage/rmsimulator_listener/src/rmsimulator_listener.cpp:40:39:[m[K [01;35m[Kwarning: [m[Kformat ‘[01m[K%ld[m[K’ expects argument of type ‘[01m[Klong int[m[K’, but argument 9 has type ‘[01m[Kbuiltin_interfaces::msg::Time_<std::allocator<void> >::_nanosec_type[m[K’ {aka ‘[01m[Kunsigned int[m[K’} [[01;35m[K]8;;https://gcc.gnu.org/onlinedocs/gcc/Warning-Options.html#index-Wformat=-Wformat=]8;;[m[K]
   40 |       RCLCPP_INFO(this->get_logger(), [01;35m[K"Point: x=%f, y=%f, z=%f, stamp=%ld.%ld"[m[K, point.point.x, point.point.y, point.point.z, point.header.stamp.sec, [32m[Kpoint.header.stamp.nanosec[m[K);
      |                                       [01;35m[K^~~~~~~~~~~~~~~~~~~~~~~~~~~~~~~~~~~~~~~~[m[K                                                                       [32m[K~~~~~~~~~~~~~~~~~~~~~~~~~~[m[K
      |                                                                                                                                                                         [32m[K|[m[K
      |                                                                                                                                                                         [32m[Kbuiltin_interfaces::msg::Time_<std::allocator<void> >::_nanosec_type {aka unsigned int}[m[K
[01m[K/media/qing/NEW/RM/hotpot_exam2/1ros_and_tf2/1.3sensor_storage/rmsimulator_listener/src/rmsimulator_listener.cpp:40:77:[m[K [01;36m[Knote: [m[Kformat string is defined here
   40 | O(this->get_logger(), "Point: x=%f, y=%f, z=%f, stamp=%ld.[01;36m[K%ld[m[K", point.point.x, point.point.y, point.point.z, point.header.stamp.sec, point.header.stamp.nanosec);
      |                                                           [01;36m[K~~^[m[K
      |                                                             [01;36m[K|[m[K
      |                                                             [01;36m[Klong int[m[K
      |                                                           [32m[K%d[m[K
