-- The C compiler identification is GNU 11.4.0
-- The CXX compiler identification is GNU 11.4.0
-- Detecting C compiler ABI info
-- Detecting C compiler ABI info - done
-- Check for working C compiler: /usr/bin/cc - skipped
-- Detecting C compile features
-- Detecting C compile features - done
-- Detecting CXX compiler ABI info
-- Detecting CXX compiler ABI info - done
-- Check for working CXX compiler: /usr/bin/c++ - skipped
-- Detecting CXX compile features
-- Detecting CXX compile features - done
-- Found ament_cmake: 1.3.8 (/opt/ros/humble/share/ament_cmake/cmake)
-- Found Python3: /usr/bin/python3 (found version "3.10.12") found components: Interpreter 
-- Found rclcpp: 16.0.8 (/opt/ros/humble/share/rclcpp/cmake)
-- Found rosidl_generator_c: 3.1.5 (/opt/ros/humble/share/rosidl_generator_c/cmake)
-- Found rosidl_adapter: 3.1.5 (/opt/ros/humble/share/rosidl_adapter/cmake)
-- Found rosidl_generator_cpp: 3.1.5 (/opt/ros/humble/share/rosidl_generator_cpp/cmake)
-- Using all available rosidl_typesupport_c: rosidl_typesupport_fastrtps_c;rosidl_typesupport_introspection_c
-- Using all available rosidl_typesupport_cpp: rosidl_typesupport_fastrtps_cpp;rosidl_typesupport_introspection_cpp
-- Found rmw_implementation_cmake: 6.1.1 (/opt/ros/humble/share/rmw_implementation_cmake/cmake)
-- Found rmw_fastrtps_cpp: 6.2.6 (/opt/ros/humble/share/rmw_fastrtps_cpp/cmake)
-- Found OpenSSL: /usr/lib/x86_64-linux-gnu/libcrypto.so (found version "3.0.2")  
-- Found FastRTPS: /opt/ros/humble/include  
-- Using RMW implementation 'rmw_fastrtps_cpp' as default
-- Looking for pthread.h
-- Looking for pthread.h - found
-- Performing Test CMAKE_HAVE_LIBC_PTHREAD
-- Performing Test CMAKE_HAVE_LIBC_PTHREAD - Success
-- Found Threads: TRUE  
-- Found geometry_msgs: 4.2.3 (/opt/ros/humble/share/geometry_msgs/cmake)
-- Found ament_lint_auto: 0.12.10 (/opt/ros/humble/share/ament_lint_auto/cmake)
-- Added test 'cppcheck' to perform static code analysis on C / C++ code
-- Configured cppcheck include dirs: 
-- Configured cppcheck exclude dirs and/or files: 
-- Added test 'lint_cmake' to check CMake code style
-- Added test 'uncrustify' to check C / C++ code style
-- Configured uncrustify additional arguments: 
-- Added test 'xmllint' to check XML markup files
-- Configuring done
-- Generating done
-- Build files have been written to: /media/qing/NEW/RM/hotpot_exam2/1ros_and_tf2/1.3sensor_storage/rmsimulator_listener/build/rmsimulator_listener
[ 50%] [32mBuilding CXX object CMakeFiles/rmsimulator_listener.dir/src/rmsimulator_listener.cpp.o[0m
In file included from [01m[K/opt/ros/humble/include/rclcpp/rclcpp/logging.hpp:24[m[K,
                 from [01m[K/opt/ros/humble/include/rclcpp/rclcpp/client.hpp:40[m[K,
                 from [01m[K/opt/ros/humble/include/rclcpp/rclcpp/callback_group.hpp:24[m[K,
                 from [01m[K/opt/ros/humble/include/rclcpp/rclcpp/any_executable.hpp:20[m[K,
                 from [01m[K/opt/ros/humble/include/rclcpp/rclcpp/memory_strategy.hpp:25[m[K,
                 from [01m[K/opt/ros/humble/include/rclcpp/rclcpp/memory_strategies.hpp:18[m[K,
                 from [01m[K/opt/ros/humble/include/rclcpp/rclcpp/executor_options.hpp:20[m[K,
                 from [01m[K/opt/ros/humble/include/rclcpp/rclcpp/executor.hpp:37[m[K,
                 from [01m[K/opt/ros/humble/include/rclcpp/rclcpp/executors/multi_threaded_executor.hpp:25[m[K,
                 from [01m[K/opt/ros/humble/include/rclcpp/rclcpp/executors.hpp:21[m[K,
                 from [01m[K/opt/ros/humble/include/rclcpp/rclcpp/rclcpp.hpp:155[m[K,
                 from [01m[K/media/qing/NEW/RM/hotpot_exam2/1ros_and_tf2/1.3sensor_storage/rmsimulator_listener/src/rmsimulator_listener.cpp:1[m[K:
[01m[K/media/qing/NEW/RM/hotpot_exam2/1ros_and_tf2/1.3sensor_storage/rmsimulator_listener/src/rmsimulator_listener.cpp:[m[K In member function ‘[01m[Kvoid RmsimulatorListener::updateQueue()[m[K’:
[01m[K/media/qing/NEW/RM/hotpot_exam2/1ros_and_tf2/1.3sensor_storage/rmsimulator_listener/src/rmsimulator_listener.cpp:40:39:[m[K [01;35m[Kwarning: [m[Kformat ‘[01m[K%ld[m[K’ expects argument of type ‘[01m[Klong int[m[K’, but argument 8 has type ‘[01m[Kbuiltin_interfaces::msg::Time_<std::allocator<void> >::_sec_type[m[K’ {aka ‘[01m[Kint[m[K’} [[01;35m[K]8;;https://gcc.gnu.org/onlinedocs/gcc/Warning-Options.html#index-Wformat=-Wformat=]8;;[m[K]
   40 |       RCLCPP_INFO(this->get_logger(), [01;35m[K"Point: x=%f, y=%f, z=%f, stamp=%ld.%ld"[m[K, point.point.x, point.point.y, point.point.z, [32m[Kpoint.header.stamp.sec[m[K, point.header.stamp.nanosec);
      |                                       [01;35m[K^~~~~~~~~~~~~~~~~~~~~~~~~~~~~~~~~~~~~~~~[m[K                                               [32m[K~~~~~~~~~~~~~~~~~~~~~~[m[K
      |                                                                                                                                                 [32m[K|[m[K
      |                                                                                                                                                 [32m[Kbuiltin_interfaces::msg::Time_<std::allocator<void> >::_sec_type {aka int}[m[K
[01m[K/media/qing/NEW/RM/hotpot_exam2/1ros_and_tf2/1.3sensor_storage/rmsimulator_listener/src/rmsimulator_listener.cpp:40:73:[m[K [01;36m[Knote: [m[Kformat string is defined here
   40 | _INFO(this->get_logger(), "Point: x=%f, y=%f, z=%f, stamp=[01;36m[K%ld[m[K.%ld", point.point.x, point.point.y, point.point.z, point.header.stamp.sec, point.header.stamp.nanosec);
      |                                                           [01;36m[K~~^[m[K
      |                                                             [01;36m[K|[m[K
      |                                                             [01;36m[Klong int[m[K
      |                                                           [32m[K%d[m[K
In file included from [01m[K/opt/ros/humble/include/rclcpp/rclcpp/logging.hpp:24[m[K,
                 from [01m[K/opt/ros/humble/include/rclcpp/rclcpp/client.hpp:40[m[K,
                 from [01m[K/opt/ros/humble/include/rclcpp/rclcpp/callback_group.hpp:24[m[K,
                 from [01m[K/opt/ros/humble/include/rclcpp/rclcpp/any_executable.hpp:20[m[K,
                 from [01m[K/opt/ros/humble/include/rclcpp/rclcpp/memory_strategy.hpp:25[m[K,
                 from [01m[K/opt/ros/humble/include/rclcpp/rclcpp/memory_strategies.hpp:18[m[K,
                 from [01m[K/opt/ros/humble/include/rclcpp/rclcpp/executor_options.hpp:20[m[K,
                 from [01m[K/opt/ros/humble/include/rclcpp/rclcpp/executor.hpp:37[m[K,
                 from [01m[K/opt/ros/humble/include/rclcpp/rclcpp/executors/multi_threaded_executor.hpp:25[m[K,
                 from [01m[K/opt/ros/humble/include/rclcpp/rclcpp/executors.hpp:21[m[K,
                 from [01m[K/opt/ros/humble/include/rclcpp/rclcpp/rclcpp.hpp:155[m[K,
                 from [01m[K/media/qing/NEW/RM/hotpot_exam2/1ros_and_tf2/1.3sensor_storage/rmsimulator_listener/src/rmsimulator_listener.cpp:1[m[K:
[01m[K/media/qing/NEW/RM/hotpot_exam2/1ros_and_tf2/1.3sensor_storage/rmsimulator_listener/src/rmsimulator_listener.cpp:40:39:[m[K [01;35m[Kwarning: [m[Kformat ‘[01m[K%ld[m[K’ expects argument of type ‘[01m[Klong int[m[K’, but argument 9 has type ‘[01m[Kbuiltin_interfaces::msg::Time_<std::allocator<void> >::_nanosec_type[m[K’ {aka ‘[01m[Kunsigned int[m[K’} [[01;35m[K]8;;https://gcc.gnu.org/onlinedocs/gcc/Warning-Options.html#index-Wformat=-Wformat=]8;;[m[K]
   40 |       RCLCPP_INFO(this->get_logger(), [01;35m[K"Point: x=%f, y=%f, z=%f, stamp=%ld.%ld"[m[K, point.point.x, point.point.y, point.point.z, point.header.stamp.sec, [32m[Kpoint.header.stamp.nanosec[m[K);
      |                                       [01;35m[K^~~~~~~~~~~~~~~~~~~~~~~~~~~~~~~~~~~~~~~~[m[K                                                                       [32m[K~~~~~~~~~~~~~~~~~~~~~~~~~~[m[K
      |                                                                                                                                                                         [32m[K|[m[K
      |                                                                                                                                                                         [32m[Kbuiltin_interfaces::msg::Time_<std::allocator<void> >::_nanosec_type {aka unsigned int}[m[K
[01m[K/media/qing/NEW/RM/hotpot_exam2/1ros_and_tf2/1.3sensor_storage/rmsimulator_listener/src/rmsimulator_listener.cpp:40:77:[m[K [01;36m[Knote: [m[Kformat string is defined here
   40 | O(this->get_logger(), "Point: x=%f, y=%f, z=%f, stamp=%ld.[01;36m[K%ld[m[K", point.point.x, point.point.y, point.point.z, point.header.stamp.sec, point.header.stamp.nanosec);
      |                                                           [01;36m[K~~^[m[K
      |                                                             [01;36m[K|[m[K
      |                                                             [01;36m[Klong int[m[K
      |                                                           [32m[K%d[m[K
[100%] [32m[1mLinking CXX executable rmsimulator_listener[0m
[100%] Built target rmsimulator_listener
-- Install configuration: ""
-- Installing: /media/qing/NEW/RM/hotpot_exam2/1ros_and_tf2/1.3sensor_storage/rmsimulator_listener/install/rmsimulator_listener/lib/rmsimulator_listener/rmsimulator_listener
-- Set runtime path of "/media/qing/NEW/RM/hotpot_exam2/1ros_and_tf2/1.3sensor_storage/rmsimulator_listener/install/rmsimulator_listener/lib/rmsimulator_listener/rmsimulator_listener" to ""
-- Installing: /media/qing/NEW/RM/hotpot_exam2/1ros_and_tf2/1.3sensor_storage/rmsimulator_listener/install/rmsimulator_listener/share/ament_index/resource_index/package_run_dependencies/rmsimulator_listener
-- Installing: /media/qing/NEW/RM/hotpot_exam2/1ros_and_tf2/1.3sensor_storage/rmsimulator_listener/install/rmsimulator_listener/share/ament_index/resource_index/parent_prefix_path/rmsimulator_listener
-- Installing: /media/qing/NEW/RM/hotpot_exam2/1ros_and_tf2/1.3sensor_storage/rmsimulator_listener/install/rmsimulator_listener/share/rmsimulator_listener/environment/ament_prefix_path.sh
-- Installing: /media/qing/NEW/RM/hotpot_exam2/1ros_and_tf2/1.3sensor_storage/rmsimulator_listener/install/rmsimulator_listener/share/rmsimulator_listener/environment/ament_prefix_path.dsv
-- Installing: /media/qing/NEW/RM/hotpot_exam2/1ros_and_tf2/1.3sensor_storage/rmsimulator_listener/install/rmsimulator_listener/share/rmsimulator_listener/environment/path.sh
-- Installing: /media/qing/NEW/RM/hotpot_exam2/1ros_and_tf2/1.3sensor_storage/rmsimulator_listener/install/rmsimulator_listener/share/rmsimulator_listener/environment/path.dsv
-- Installing: /media/qing/NEW/RM/hotpot_exam2/1ros_and_tf2/1.3sensor_storage/rmsimulator_listener/install/rmsimulator_listener/share/rmsimulator_listener/local_setup.bash
-- Installing: /media/qing/NEW/RM/hotpot_exam2/1ros_and_tf2/1.3sensor_storage/rmsimulator_listener/install/rmsimulator_listener/share/rmsimulator_listener/local_setup.sh
-- Installing: /media/qing/NEW/RM/hotpot_exam2/1ros_and_tf2/1.3sensor_storage/rmsimulator_listener/install/rmsimulator_listener/share/rmsimulator_listener/local_setup.zsh
-- Installing: /media/qing/NEW/RM/hotpot_exam2/1ros_and_tf2/1.3sensor_storage/rmsimulator_listener/install/rmsimulator_listener/share/rmsimulator_listener/local_setup.dsv
-- Installing: /media/qing/NEW/RM/hotpot_exam2/1ros_and_tf2/1.3sensor_storage/rmsimulator_listener/install/rmsimulator_listener/share/rmsimulator_listener/package.dsv
-- Installing: /media/qing/NEW/RM/hotpot_exam2/1ros_and_tf2/1.3sensor_storage/rmsimulator_listener/install/rmsimulator_listener/share/ament_index/resource_index/packages/rmsimulator_listener
-- Installing: /media/qing/NEW/RM/hotpot_exam2/1ros_and_tf2/1.3sensor_storage/rmsimulator_listener/install/rmsimulator_listener/share/rmsimulator_listener/cmake/rmsimulator_listenerConfig.cmake
-- Installing: /media/qing/NEW/RM/hotpot_exam2/1ros_and_tf2/1.3sensor_storage/rmsimulator_listener/install/rmsimulator_listener/share/rmsimulator_listener/cmake/rmsimulator_listenerConfig-version.cmake
-- Installing: /media/qing/NEW/RM/hotpot_exam2/1ros_and_tf2/1.3sensor_storage/rmsimulator_listener/install/rmsimulator_listener/share/rmsimulator_listener/package.xml
