[0.006s] Invoking command in '/media/qing/NEW/RM/hotpot_exam2/1ros_and_tf2/1.3sensor_storage/rmsimulator_listener/build/rmsimulator_listener': CMAKE_PREFIX_PATH=/opt/ros/humble /usr/bin/cmake /media/qing/NEW/RM/hotpot_exam2/1ros_and_tf2/1.3sensor_storage/rmsimulator_listener -DCMAKE_INSTALL_PREFIX=/media/qing/NEW/RM/hotpot_exam2/1ros_and_tf2/1.3sensor_storage/rmsimulator_listener/install/rmsimulator_listener
[0.035s] -- The C compiler identification is GNU 11.4.0
[0.065s] -- The CXX compiler identification is GNU 11.4.0
[0.070s] -- Detecting C compiler ABI info
[0.107s] -- Detecting C compiler ABI info - done
[0.112s] -- Check for working C compiler: /usr/bin/cc - skipped
[0.112s] -- Detecting C compile features
[0.112s] -- Detecting C compile features - done
[0.114s] -- Detecting CXX compiler ABI info
[0.160s] -- Detecting CXX compiler ABI info - done
[0.164s] -- Check for working CXX compiler: /usr/bin/c++ - skipped
[0.164s] -- Detecting CXX compile features
[0.164s] -- Detecting CXX compile features - done
[0.165s] -- Found ament_cmake: 1.3.8 (/opt/ros/humble/share/ament_cmake/cmake)
[0.252s] -- Found Python3: /usr/bin/python3 (found version "3.10.12") found components: Interpreter 
[0.298s] -- Found rclcpp: 16.0.8 (/opt/ros/humble/share/rclcpp/cmake)
[0.323s] -- Found rosidl_generator_c: 3.1.5 (/opt/ros/humble/share/rosidl_generator_c/cmake)
[0.326s] -- Found rosidl_adapter: 3.1.5 (/opt/ros/humble/share/rosidl_adapter/cmake)
[0.330s] -- Found rosidl_generator_cpp: 3.1.5 (/opt/ros/humble/share/rosidl_generator_cpp/cmake)
[0.339s] -- Using all available rosidl_typesupport_c: rosidl_typesupport_fastrtps_c;rosidl_typesupport_introspection_c
[0.350s] -- Using all available rosidl_typesupport_cpp: rosidl_typesupport_fastrtps_cpp;rosidl_typesupport_introspection_cpp
[0.392s] -- Found rmw_implementation_cmake: 6.1.1 (/opt/ros/humble/share/rmw_implementation_cmake/cmake)
[0.394s] -- Found rmw_fastrtps_cpp: 6.2.6 (/opt/ros/humble/share/rmw_fastrtps_cpp/cmake)
[0.449s] -- Found OpenSSL: /usr/lib/x86_64-linux-gnu/libcrypto.so (found version "3.0.2")  
[0.465s] -- Found FastRTPS: /opt/ros/humble/include  
[0.492s] -- Using RMW implementation 'rmw_fastrtps_cpp' as default
[0.496s] -- Looking for pthread.h
[0.544s] -- Looking for pthread.h - found
[0.545s] -- Performing Test CMAKE_HAVE_LIBC_PTHREAD
[0.590s] -- Performing Test CMAKE_HAVE_LIBC_PTHREAD - Success
[0.591s] -- Found Threads: TRUE  
[0.685s] -- Found geometry_msgs: 4.2.3 (/opt/ros/humble/share/geometry_msgs/cmake)
[0.711s] -- Found ament_lint_auto: 0.12.10 (/opt/ros/humble/share/ament_lint_auto/cmake)
[0.758s] -- Added test 'cppcheck' to perform static code analysis on C / C++ code
[0.758s] -- Configured cppcheck include dirs: 
[0.758s] -- Configured cppcheck exclude dirs and/or files: 
[0.759s] -- Added test 'lint_cmake' to check CMake code style
[0.761s] -- Added test 'uncrustify' to check C / C++ code style
[0.761s] -- Configured uncrustify additional arguments: 
[0.761s] -- Added test 'xmllint' to check XML markup files
[0.761s] -- Configuring done
[0.766s] -- Generating done
[0.767s] -- Build files have been written to: /media/qing/NEW/RM/hotpot_exam2/1ros_and_tf2/1.3sensor_storage/rmsimulator_listener/build/rmsimulator_listener
[0.773s] Invoked command in '/media/qing/NEW/RM/hotpot_exam2/1ros_and_tf2/1.3sensor_storage/rmsimulator_listener/build/rmsimulator_listener' returned '0': CMAKE_PREFIX_PATH=/opt/ros/humble /usr/bin/cmake /media/qing/NEW/RM/hotpot_exam2/1ros_and_tf2/1.3sensor_storage/rmsimulator_listener -DCMAKE_INSTALL_PREFIX=/media/qing/NEW/RM/hotpot_exam2/1ros_and_tf2/1.3sensor_storage/rmsimulator_listener/install/rmsimulator_listener
[0.774s] Invoking command in '/media/qing/NEW/RM/hotpot_exam2/1ros_and_tf2/1.3sensor_storage/rmsimulator_listener/build/rmsimulator_listener': CMAKE_PREFIX_PATH=/opt/ros/humble /usr/bin/cmake --build /media/qing/NEW/RM/hotpot_exam2/1ros_and_tf2/1.3sensor_storage/rmsimulator_listener/build/rmsimulator_listener -- -j16 -l16
[0.799s] [ 50%] [32mBuilding CXX object CMakeFiles/rmsimulator_listener.dir/src/rmsimulator_listener.cpp.o[0m
[2.117s] In file included from [01m[K/opt/ros/humble/include/rclcpp/rclcpp/logging.hpp:24[m[K,
[2.117s]                  from [01m[K/opt/ros/humble/include/rclcpp/rclcpp/client.hpp:40[m[K,
[2.117s]                  from [01m[K/opt/ros/humble/include/rclcpp/rclcpp/callback_group.hpp:24[m[K,
[2.117s]                  from [01m[K/opt/ros/humble/include/rclcpp/rclcpp/any_executable.hpp:20[m[K,
[2.117s]                  from [01m[K/opt/ros/humble/include/rclcpp/rclcpp/memory_strategy.hpp:25[m[K,
[2.117s]                  from [01m[K/opt/ros/humble/include/rclcpp/rclcpp/memory_strategies.hpp:18[m[K,
[2.117s]                  from [01m[K/opt/ros/humble/include/rclcpp/rclcpp/executor_options.hpp:20[m[K,
[2.117s]                  from [01m[K/opt/ros/humble/include/rclcpp/rclcpp/executor.hpp:37[m[K,
[2.117s]                  from [01m[K/opt/ros/humble/include/rclcpp/rclcpp/executors/multi_threaded_executor.hpp:25[m[K,
[2.117s]                  from [01m[K/opt/ros/humble/include/rclcpp/rclcpp/executors.hpp:21[m[K,
[2.117s]                  from [01m[K/opt/ros/humble/include/rclcpp/rclcpp/rclcpp.hpp:155[m[K,
[2.117s]                  from [01m[K/media/qing/NEW/RM/hotpot_exam2/1ros_and_tf2/1.3sensor_storage/rmsimulator_listener/src/rmsimulator_listener.cpp:1[m[K:
[2.117s] [01m[K/media/qing/NEW/RM/hotpot_exam2/1ros_and_tf2/1.3sensor_storage/rmsimulator_listener/src/rmsimulator_listener.cpp:[m[K In member function ‘[01m[Kvoid RmsimulatorListener::updateQueue()[m[K’:
[2.117s] [01m[K/media/qing/NEW/RM/hotpot_exam2/1ros_and_tf2/1.3sensor_storage/rmsimulator_listener/src/rmsimulator_listener.cpp:40:39:[m[K [01;35m[Kwarning: [m[Kformat ‘[01m[K%ld[m[K’ expects argument of type ‘[01m[Klong int[m[K’, but argument 8 has type ‘[01m[Kbuiltin_interfaces::msg::Time_<std::allocator<void> >::_sec_type[m[K’ {aka ‘[01m[Kint[m[K’} [[01;35m[K]8;;https://gcc.gnu.org/onlinedocs/gcc/Warning-Options.html#index-Wformat=-Wformat=]8;;[m[K]
[2.117s]    40 |       RCLCPP_INFO(this->get_logger(), [01;35m[K"Point: x=%f, y=%f, z=%f, stamp=%ld.%ld"[m[K, point.point.x, point.point.y, point.point.z, [32m[Kpoint.header.stamp.sec[m[K, point.header.stamp.nanosec);
[2.117s]       |                                       [01;35m[K^~~~~~~~~~~~~~~~~~~~~~~~~~~~~~~~~~~~~~~~[m[K                                               [32m[K~~~~~~~~~~~~~~~~~~~~~~[m[K
[2.117s]       |                                                                                                                                                 [32m[K|[m[K
[2.117s]       |                                                                                                                                                 [32m[Kbuiltin_interfaces::msg::Time_<std::allocator<void> >::_sec_type {aka int}[m[K
[2.117s] [01m[K/media/qing/NEW/RM/hotpot_exam2/1ros_and_tf2/1.3sensor_storage/rmsimulator_listener/src/rmsimulator_listener.cpp:40:73:[m[K [01;36m[Knote: [m[Kformat string is defined here
[2.118s]    40 | _INFO(this->get_logger(), "Point: x=%f, y=%f, z=%f, stamp=[01;36m[K%ld[m[K.%ld", point.point.x, point.point.y, point.point.z, point.header.stamp.sec, point.header.stamp.nanosec);
[2.118s]       |                                                           [01;36m[K~~^[m[K
[2.118s]       |                                                             [01;36m[K|[m[K
[2.118s]       |                                                             [01;36m[Klong int[m[K
[2.118s]       |                                                           [32m[K%d[m[K
[2.118s] In file included from [01m[K/opt/ros/humble/include/rclcpp/rclcpp/logging.hpp:24[m[K,
[2.118s]                  from [01m[K/opt/ros/humble/include/rclcpp/rclcpp/client.hpp:40[m[K,
[2.118s]                  from [01m[K/opt/ros/humble/include/rclcpp/rclcpp/callback_group.hpp:24[m[K,
[2.118s]                  from [01m[K/opt/ros/humble/include/rclcpp/rclcpp/any_executable.hpp:20[m[K,
[2.118s]                  from [01m[K/opt/ros/humble/include/rclcpp/rclcpp/memory_strategy.hpp:25[m[K,
[2.118s]                  from [01m[K/opt/ros/humble/include/rclcpp/rclcpp/memory_strategies.hpp:18[m[K,
[2.118s]                  from [01m[K/opt/ros/humble/include/rclcpp/rclcpp/executor_options.hpp:20[m[K,
[2.118s]                  from [01m[K/opt/ros/humble/include/rclcpp/rclcpp/executor.hpp:37[m[K,
[2.118s]                  from [01m[K/opt/ros/humble/include/rclcpp/rclcpp/executors/multi_threaded_executor.hpp:25[m[K,
[2.118s]                  from [01m[K/opt/ros/humble/include/rclcpp/rclcpp/executors.hpp:21[m[K,
[2.118s]                  from [01m[K/opt/ros/humble/include/rclcpp/rclcpp/rclcpp.hpp:155[m[K,
[2.118s]                  from [01m[K/media/qing/NEW/RM/hotpot_exam2/1ros_and_tf2/1.3sensor_storage/rmsimulator_listener/src/rmsimulator_listener.cpp:1[m[K:
[2.118s] [01m[K/media/qing/NEW/RM/hotpot_exam2/1ros_and_tf2/1.3sensor_storage/rmsimulator_listener/src/rmsimulator_listener.cpp:40:39:[m[K [01;35m[Kwarning: [m[Kformat ‘[01m[K%ld[m[K’ expects argument of type ‘[01m[Klong int[m[K’, but argument 9 has type ‘[01m[Kbuiltin_interfaces::msg::Time_<std::allocator<void> >::_nanosec_type[m[K’ {aka ‘[01m[Kunsigned int[m[K’} [[01;35m[K]8;;https://gcc.gnu.org/onlinedocs/gcc/Warning-Options.html#index-Wformat=-Wformat=]8;;[m[K]
[2.118s]    40 |       RCLCPP_INFO(this->get_logger(), [01;35m[K"Point: x=%f, y=%f, z=%f, stamp=%ld.%ld"[m[K, point.point.x, point.point.y, point.point.z, point.header.stamp.sec, [32m[Kpoint.header.stamp.nanosec[m[K);
[2.118s]       |                                       [01;35m[K^~~~~~~~~~~~~~~~~~~~~~~~~~~~~~~~~~~~~~~~[m[K                                                                       [32m[K~~~~~~~~~~~~~~~~~~~~~~~~~~[m[K
[2.118s]       |                                                                                                                                                                         [32m[K|[m[K
[2.118s]       |                                                                                                                                                                         [32m[Kbuiltin_interfaces::msg::Time_<std::allocator<void> >::_nanosec_type {aka unsigned int}[m[K
[2.118s] [01m[K/media/qing/NEW/RM/hotpot_exam2/1ros_and_tf2/1.3sensor_storage/rmsimulator_listener/src/rmsimulator_listener.cpp:40:77:[m[K [01;36m[Knote: [m[Kformat string is defined here
[2.118s]    40 | O(this->get_logger(), "Point: x=%f, y=%f, z=%f, stamp=%ld.[01;36m[K%ld[m[K", point.point.x, point.point.y, point.point.z, point.header.stamp.sec, point.header.stamp.nanosec);
[2.118s]       |                                                           [01;36m[K~~^[m[K
[2.118s]       |                                                             [01;36m[K|[m[K
[2.118s]       |                                                             [01;36m[Klong int[m[K
[2.118s]       |                                                           [32m[K%d[m[K
[5.477s] [100%] [32m[1mLinking CXX executable rmsimulator_listener[0m
[5.690s] [100%] Built target rmsimulator_listener
[5.696s] Invoked command in '/media/qing/NEW/RM/hotpot_exam2/1ros_and_tf2/1.3sensor_storage/rmsimulator_listener/build/rmsimulator_listener' returned '0': CMAKE_PREFIX_PATH=/opt/ros/humble /usr/bin/cmake --build /media/qing/NEW/RM/hotpot_exam2/1ros_and_tf2/1.3sensor_storage/rmsimulator_listener/build/rmsimulator_listener -- -j16 -l16
[5.721s] Invoking command in '/media/qing/NEW/RM/hotpot_exam2/1ros_and_tf2/1.3sensor_storage/rmsimulator_listener/build/rmsimulator_listener': CMAKE_PREFIX_PATH=/opt/ros/humble /usr/bin/cmake --install /media/qing/NEW/RM/hotpot_exam2/1ros_and_tf2/1.3sensor_storage/rmsimulator_listener/build/rmsimulator_listener
[5.727s] -- Install configuration: ""
[5.727s] -- Installing: /media/qing/NEW/RM/hotpot_exam2/1ros_and_tf2/1.3sensor_storage/rmsimulator_listener/install/rmsimulator_listener/lib/rmsimulator_listener/rmsimulator_listener
[5.730s] -- Set runtime path of "/media/qing/NEW/RM/hotpot_exam2/1ros_and_tf2/1.3sensor_storage/rmsimulator_listener/install/rmsimulator_listener/lib/rmsimulator_listener/rmsimulator_listener" to ""
[5.730s] -- Installing: /media/qing/NEW/RM/hotpot_exam2/1ros_and_tf2/1.3sensor_storage/rmsimulator_listener/install/rmsimulator_listener/share/ament_index/resource_index/package_run_dependencies/rmsimulator_listener
[5.730s] -- Installing: /media/qing/NEW/RM/hotpot_exam2/1ros_and_tf2/1.3sensor_storage/rmsimulator_listener/install/rmsimulator_listener/share/ament_index/resource_index/parent_prefix_path/rmsimulator_listener
[5.730s] -- Installing: /media/qing/NEW/RM/hotpot_exam2/1ros_and_tf2/1.3sensor_storage/rmsimulator_listener/install/rmsimulator_listener/share/rmsimulator_listener/environment/ament_prefix_path.sh
[5.730s] -- Installing: /media/qing/NEW/RM/hotpot_exam2/1ros_and_tf2/1.3sensor_storage/rmsimulator_listener/install/rmsimulator_listener/share/rmsimulator_listener/environment/ament_prefix_path.dsv
[5.730s] -- Installing: /media/qing/NEW/RM/hotpot_exam2/1ros_and_tf2/1.3sensor_storage/rmsimulator_listener/install/rmsimulator_listener/share/rmsimulator_listener/environment/path.sh
[5.730s] -- Installing: /media/qing/NEW/RM/hotpot_exam2/1ros_and_tf2/1.3sensor_storage/rmsimulator_listener/install/rmsimulator_listener/share/rmsimulator_listener/environment/path.dsv
[5.730s] -- Installing: /media/qing/NEW/RM/hotpot_exam2/1ros_and_tf2/1.3sensor_storage/rmsimulator_listener/install/rmsimulator_listener/share/rmsimulator_listener/local_setup.bash
[5.730s] -- Installing: /media/qing/NEW/RM/hotpot_exam2/1ros_and_tf2/1.3sensor_storage/rmsimulator_listener/install/rmsimulator_listener/share/rmsimulator_listener/local_setup.sh
[5.730s] -- Installing: /media/qing/NEW/RM/hotpot_exam2/1ros_and_tf2/1.3sensor_storage/rmsimulator_listener/install/rmsimulator_listener/share/rmsimulator_listener/local_setup.zsh
[5.730s] -- Installing: /media/qing/NEW/RM/hotpot_exam2/1ros_and_tf2/1.3sensor_storage/rmsimulator_listener/install/rmsimulator_listener/share/rmsimulator_listener/local_setup.dsv
[5.731s] -- Installing: /media/qing/NEW/RM/hotpot_exam2/1ros_and_tf2/1.3sensor_storage/rmsimulator_listener/install/rmsimulator_listener/share/rmsimulator_listener/package.dsv
[5.731s] -- Installing: /media/qing/NEW/RM/hotpot_exam2/1ros_and_tf2/1.3sensor_storage/rmsimulator_listener/install/rmsimulator_listener/share/ament_index/resource_index/packages/rmsimulator_listener
[5.731s] -- Installing: /media/qing/NEW/RM/hotpot_exam2/1ros_and_tf2/1.3sensor_storage/rmsimulator_listener/install/rmsimulator_listener/share/rmsimulator_listener/cmake/rmsimulator_listenerConfig.cmake
[5.731s] -- Installing: /media/qing/NEW/RM/hotpot_exam2/1ros_and_tf2/1.3sensor_storage/rmsimulator_listener/install/rmsimulator_listener/share/rmsimulator_listener/cmake/rmsimulator_listenerConfig-version.cmake
[5.731s] -- Installing: /media/qing/NEW/RM/hotpot_exam2/1ros_and_tf2/1.3sensor_storage/rmsimulator_listener/install/rmsimulator_listener/share/rmsimulator_listener/package.xml
[5.732s] Invoked command in '/media/qing/NEW/RM/hotpot_exam2/1ros_and_tf2/1.3sensor_storage/rmsimulator_listener/build/rmsimulator_listener' returned '0': CMAKE_PREFIX_PATH=/opt/ros/humble /usr/bin/cmake --install /media/qing/NEW/RM/hotpot_exam2/1ros_and_tf2/1.3sensor_storage/rmsimulator_listener/build/rmsimulator_listener
